2025-10-08 06:00:14 - ==== TLE fetch start ====
2025-10-08 06:00:14 - Loaded existing file with 4 sats
2025-10-08 06:00:14 - [25544] Trying Direct…
2025-10-08 06:00:16 - [25544] OK via Direct (epoch age: 10.3h)
2025-10-08 06:00:16 - [60240] Trying Direct…
2025-10-08 06:00:17 - [60240] OK via Direct (epoch age: 13.8h)
2025-10-08 06:00:17 - [44714] Trying Direct…
2025-10-08 06:00:17 - [44714] OK via Direct (epoch age: 21.0h)
2025-10-08 06:00:17 - [DUTHSat-2] Using manual TLE (no fetch)
2025-10-08 06:00:17 - Saved 4/4 TLEs → /home/ubuntu/tle-tracker/static/tle_data.json
2025-10-08 06:00:17 - ==== TLE fetch done ====
[main 2d77570] Daily TLE update 2025-10-08 06:00
 1 file changed, 15 insertions(+), 15 deletions(-)
To https://github.com/chiararmandicynthia/satellite-tracker.git
 ! [rejected]        main -> main (fetch first)
error: failed to push some refs to 'https://github.com/chiararmandicynthia/satellite-tracker.git'
hint: Updates were rejected because the remote contains work that you do not
hint: have locally. This is usually caused by another repository pushing to
hint: the same ref. If you want to integrate the remote changes, use
hint: 'git pull' before pushing again.
hint: See the 'Note about fast-forwards' in 'git push --help' for details.
