2025-08-20 06:00:01 - ==== TLE fetch start ====
2025-08-20 06:00:01 - Loaded existing file with 6 sats
2025-08-20 06:00:01 - [25544] Trying Direct…
2025-08-20 06:00:17 - [25544] OK via Direct (epoch age: 10.2h)
2025-08-20 06:00:17 - [20580] Trying Direct…
2025-08-20 06:00:23 - [20580] OK via Direct (epoch age: 18.0h)
2025-08-20 06:00:23 - [60240] Trying Direct…
2025-08-20 06:00:27 - [60240] OK via Direct (epoch age: 8.3h)
2025-08-20 06:00:27 - [44714] Trying Direct…
2025-08-20 06:00:28 - [44714] OK via Direct (epoch age: 15.3h)
2025-08-20 06:00:28 - [28654] Trying Direct…
2025-08-20 06:00:29 - [28654] OK via Direct (epoch age: 8.5h)
2025-08-20 06:00:29 - [33591] Trying Direct…
2025-08-20 06:00:30 - [33591] OK via Direct (epoch age: 8.0h)
2025-08-20 06:00:30 - Saved 6/6 TLEs → /home/ubuntu/tle-tracker/static/tle_data.json
2025-08-20 06:00:30 - ==== TLE fetch done ====
2025-08-20 06:00:01 - ==== TLE fetch start ====
2025-08-20 06:00:01 - Loaded existing file with 6 sats
2025-08-20 06:00:01 - [25544] Trying Direct…
2025-08-20 06:00:17 - [25544] OK via Direct (epoch age: 10.2h)
2025-08-20 06:00:17 - [20580] Trying Direct…
2025-08-20 06:00:23 - [20580] OK via Direct (epoch age: 18.0h)
2025-08-20 06:00:23 - [60240] Trying Direct…
2025-08-20 06:00:27 - [60240] OK via Direct (epoch age: 8.3h)
2025-08-20 06:00:27 - [44714] Trying Direct…
2025-08-20 06:00:28 - [44714] OK via Direct (epoch age: 15.3h)
2025-08-20 06:00:28 - [28654] Trying Direct…
2025-08-20 06:00:29 - [28654] OK via Direct (epoch age: 8.5h)
2025-08-20 06:00:29 - [33591] Trying Direct…
2025-08-20 06:00:30 - [33591] OK via Direct (epoch age: 8.0h)
2025-08-20 06:00:30 - Saved 6/6 TLEs → /home/ubuntu/tle-tracker/static/tle_data.json
2025-08-20 06:00:30 - ==== TLE fetch done ====
2025-08-21 06:00:01 - ==== TLE fetch start ====
2025-08-21 06:00:01 - Loaded existing file with 6 sats
2025-08-21 06:00:01 - [25544] Trying Direct…
2025-08-21 06:00:11 - [25544] OK via Direct (epoch age: 11.0h)
2025-08-21 06:00:11 - [20580] Trying Direct…
2025-08-21 06:00:19 - [20580] OK via Direct (epoch age: 15.3h)
2025-08-21 06:00:19 - [60240] Trying Direct…
2025-08-21 06:00:23 - [60240] OK via Direct (epoch age: 21.1h)
2025-08-21 06:00:23 - [44714] Trying Direct…
2025-08-21 06:00:25 - [44714] OK via Direct (epoch age: 13.8h)
2025-08-21 06:00:25 - [28654] Trying Direct…
2025-08-21 06:00:26 - [28654] OK via Direct (epoch age: 8.7h)
2025-08-21 06:00:26 - [33591] Trying Direct…
2025-08-21 06:00:27 - [33591] OK via Direct (epoch age: 10.0h)
2025-08-21 06:00:27 - Saved 6/6 TLEs → /home/ubuntu/tle-tracker/static/tle_data.json
2025-08-21 06:00:27 - ==== TLE fetch done ====
2025-08-21 06:00:01 - ==== TLE fetch start ====
2025-08-21 06:00:01 - Loaded existing file with 6 sats
2025-08-21 06:00:01 - [25544] Trying Direct…
2025-08-21 06:00:11 - [25544] OK via Direct (epoch age: 11.0h)
2025-08-21 06:00:11 - [20580] Trying Direct…
2025-08-21 06:00:19 - [20580] OK via Direct (epoch age: 15.3h)
2025-08-21 06:00:19 - [60240] Trying Direct…
2025-08-21 06:00:23 - [60240] OK via Direct (epoch age: 21.1h)
2025-08-21 06:00:23 - [44714] Trying Direct…
2025-08-21 06:00:25 - [44714] OK via Direct (epoch age: 13.8h)
2025-08-21 06:00:25 - [28654] Trying Direct…
2025-08-21 06:00:26 - [28654] OK via Direct (epoch age: 8.7h)
2025-08-21 06:00:26 - [33591] Trying Direct…
2025-08-21 06:00:27 - [33591] OK via Direct (epoch age: 10.0h)
2025-08-21 06:00:27 - Saved 6/6 TLEs → /home/ubuntu/tle-tracker/static/tle_data.json
2025-08-21 06:00:27 - ==== TLE fetch done ====
2025-08-22 06:00:01 - ==== TLE fetch start ====
2025-08-22 06:00:01 - Loaded existing file with 6 sats
2025-08-22 06:00:01 - [25544] Trying Direct…
2025-08-22 06:00:10 - [25544] OK via Direct (epoch age: 35.0h)
2025-08-22 06:00:10 - [20580] Trying Direct…
2025-08-22 06:00:17 - [20580] OK via Direct (epoch age: 39.3h)
2025-08-22 06:00:17 - [60240] Trying Direct…
2025-08-22 06:00:22 - [60240] OK via Direct (epoch age: 45.1h)
2025-08-22 06:00:22 - [44714] Trying Direct…
2025-08-22 06:00:24 - [44714] OK via Direct (epoch age: 37.8h)
2025-08-22 06:00:24 - [28654] Trying Direct…
2025-08-22 06:00:25 - [28654] OK via Direct (epoch age: 32.7h)
2025-08-22 06:00:25 - [33591] Trying Direct…
2025-08-22 06:00:26 - [33591] OK via Direct (epoch age: 34.0h)
2025-08-22 06:00:26 - Saved 6/6 TLEs → /home/ubuntu/tle-tracker/static/tle_data.json
2025-08-22 06:00:26 - ==== TLE fetch done ====
2025-08-22 06:00:01 - ==== TLE fetch start ====
2025-08-22 06:00:01 - Loaded existing file with 6 sats
2025-08-22 06:00:01 - [25544] Trying Direct…
2025-08-22 06:00:10 - [25544] OK via Direct (epoch age: 35.0h)
2025-08-22 06:00:10 - [20580] Trying Direct…
2025-08-22 06:00:17 - [20580] OK via Direct (epoch age: 39.3h)
2025-08-22 06:00:17 - [60240] Trying Direct…
2025-08-22 06:00:22 - [60240] OK via Direct (epoch age: 45.1h)
2025-08-22 06:00:22 - [44714] Trying Direct…
2025-08-22 06:00:24 - [44714] OK via Direct (epoch age: 37.8h)
2025-08-22 06:00:24 - [28654] Trying Direct…
2025-08-22 06:00:25 - [28654] OK via Direct (epoch age: 32.7h)
2025-08-22 06:00:25 - [33591] Trying Direct…
2025-08-22 06:00:26 - [33591] OK via Direct (epoch age: 34.0h)
2025-08-22 06:00:26 - Saved 6/6 TLEs → /home/ubuntu/tle-tracker/static/tle_data.json
2025-08-22 06:00:26 - ==== TLE fetch done ====
2025-08-23 06:00:01 - ==== TLE fetch start ====
2025-08-23 06:00:01 - Loaded existing file with 6 sats
2025-08-23 06:00:01 - [25544] Trying Direct…
2025-08-23 06:00:11 - [25544] OK via Direct (epoch age: 59.0h)
2025-08-23 06:00:11 - [20580] Trying Direct…
2025-08-23 06:00:15 - [20580] OK via Direct (epoch age: 16.3h)
2025-08-23 06:00:15 - [60240] Trying Direct…
2025-08-23 06:00:18 - [60240] OK via Direct (epoch age: 21.1h)
2025-08-23 06:00:18 - [44714] Trying Direct…
2025-08-23 06:00:19 - [44714] OK via Direct (epoch age: 37.9h)
2025-08-23 06:00:19 - [28654] Trying Direct…
2025-08-23 06:00:20 - [28654] OK via Direct (epoch age: 56.7h)
2025-08-23 06:00:20 - [33591] Trying Direct…
2025-08-23 06:00:20 - [33591] OK via Direct (epoch age: 57.9h)
2025-08-23 06:00:20 - Saved 6/6 TLEs → /home/ubuntu/tle-tracker/static/tle_data.json
2025-08-23 06:00:20 - ==== TLE fetch done ====
2025-08-23 06:00:01 - ==== TLE fetch start ====
2025-08-23 06:00:01 - Loaded existing file with 6 sats
2025-08-23 06:00:01 - [25544] Trying Direct…
2025-08-23 06:00:11 - [25544] OK via Direct (epoch age: 59.0h)
2025-08-23 06:00:11 - [20580] Trying Direct…
2025-08-23 06:00:15 - [20580] OK via Direct (epoch age: 16.3h)
2025-08-23 06:00:15 - [60240] Trying Direct…
2025-08-23 06:00:18 - [60240] OK via Direct (epoch age: 21.1h)
2025-08-23 06:00:18 - [44714] Trying Direct…
2025-08-23 06:00:19 - [44714] OK via Direct (epoch age: 37.9h)
2025-08-23 06:00:19 - [28654] Trying Direct…
2025-08-23 06:00:20 - [28654] OK via Direct (epoch age: 56.7h)
2025-08-23 06:00:20 - [33591] Trying Direct…
2025-08-23 06:00:20 - [33591] OK via Direct (epoch age: 57.9h)
2025-08-23 06:00:20 - Saved 6/6 TLEs → /home/ubuntu/tle-tracker/static/tle_data.json
2025-08-23 06:00:20 - ==== TLE fetch done ====
2025-08-24 06:00:01 - ==== TLE fetch start ====
2025-08-24 06:00:01 - Loaded existing file with 6 sats
2025-08-24 06:00:01 - [25544] Trying Direct…
2025-08-24 06:00:10 - [25544] OK via Direct (epoch age: 11.8h)
2025-08-24 06:00:10 - [20580] Trying Direct…
2025-08-24 06:00:14 - [20580] OK via Direct (epoch age: 16.7h)
2025-08-24 06:00:14 - [60240] Trying Direct…
2025-08-24 06:00:16 - [60240] OK via Direct (epoch age: 9.9h)
2025-08-24 06:00:16 - [44714] Trying Direct…
2025-08-24 06:00:18 - [44714] OK via Direct (epoch age: 14.2h)
2025-08-24 06:00:18 - [28654] Trying Direct…
2025-08-24 06:00:18 - [28654] OK via Direct (epoch age: 7.6h)
2025-08-24 06:00:18 - [33591] Trying Direct…
2025-08-24 06:00:19 - [33591] OK via Direct (epoch age: 10.6h)
2025-08-24 06:00:19 - Saved 6/6 TLEs → /home/ubuntu/tle-tracker/static/tle_data.json
2025-08-24 06:00:19 - ==== TLE fetch done ====
2025-08-24 06:00:01 - ==== TLE fetch start ====
2025-08-24 06:00:01 - Loaded existing file with 6 sats
2025-08-24 06:00:01 - [25544] Trying Direct…
2025-08-24 06:00:10 - [25544] OK via Direct (epoch age: 11.8h)
2025-08-24 06:00:10 - [20580] Trying Direct…
2025-08-24 06:00:14 - [20580] OK via Direct (epoch age: 16.7h)
2025-08-24 06:00:14 - [60240] Trying Direct…
2025-08-24 06:00:16 - [60240] OK via Direct (epoch age: 9.9h)
2025-08-24 06:00:16 - [44714] Trying Direct…
2025-08-24 06:00:18 - [44714] OK via Direct (epoch age: 14.2h)
2025-08-24 06:00:18 - [28654] Trying Direct…
2025-08-24 06:00:18 - [28654] OK via Direct (epoch age: 7.6h)
2025-08-24 06:00:18 - [33591] Trying Direct…
2025-08-24 06:00:19 - [33591] OK via Direct (epoch age: 10.6h)
2025-08-24 06:00:19 - Saved 6/6 TLEs → /home/ubuntu/tle-tracker/static/tle_data.json
2025-08-24 06:00:19 - ==== TLE fetch done ====
2025-08-25 06:00:01 - ==== TLE fetch start ====
2025-08-25 06:00:01 - Loaded existing file with 6 sats
2025-08-25 06:00:01 - [25544] Trying Direct…
2025-08-25 06:00:32 - [25544] Direct timed out
2025-08-25 06:00:32 - [25544] Trying AllOrigins…
2025-08-25 06:00:35 - [25544] OK via AllOrigins (epoch age: 12.6h)
2025-08-25 06:00:35 - [20580] Trying Direct…
2025-08-25 06:01:05 - [20580] Direct timed out
2025-08-25 06:01:05 - [20580] Trying AllOrigins…
2025-08-25 06:01:12 - [20580] OK via AllOrigins (epoch age: 17.2h)
2025-08-25 06:01:12 - [60240] Trying Direct…
2025-08-25 06:01:42 - [60240] Direct timed out
2025-08-25 06:01:42 - [60240] Trying AllOrigins…
2025-08-25 06:01:44 - [60240] OK via AllOrigins (epoch age: 8.4h)
2025-08-25 06:01:44 - [44714] Trying Direct…
2025-08-25 06:02:15 - [44714] Direct timed out
2025-08-25 06:02:15 - [44714] Trying AllOrigins…
2025-08-25 06:02:16 - [44714] OK via AllOrigins (epoch age: 12.7h)
2025-08-25 06:02:16 - [28654] Trying Direct…
2025-08-25 06:02:47 - [28654] Direct timed out
2025-08-25 06:02:47 - [28654] Trying AllOrigins…
2025-08-25 06:02:47 - [28654] AllOrigins status 500
2025-08-25 06:02:47 - [28654] Using previous TLE
2025-08-25 06:02:47 - [33591] Trying Direct…
2025-08-25 06:03:18 - [33591] Direct timed out
2025-08-25 06:03:18 - [33591] Trying AllOrigins…
2025-08-25 06:03:23 - [33591] OK via AllOrigins (epoch age: 9.2h)
2025-08-25 06:03:23 - Saved 6/6 TLEs → /home/ubuntu/tle-tracker/static/tle_data.json
2025-08-25 06:03:23 - ==== TLE fetch done ====
2025-08-25 06:00:01 - ==== TLE fetch start ====
2025-08-25 06:00:01 - Loaded existing file with 6 sats
2025-08-25 06:00:01 - [25544] Trying Direct…
2025-08-25 06:00:32 - [25544] Direct timed out
2025-08-25 06:00:32 - [25544] Trying AllOrigins…
2025-08-25 06:00:35 - [25544] OK via AllOrigins (epoch age: 12.6h)
2025-08-25 06:00:35 - [20580] Trying Direct…
2025-08-25 06:01:05 - [20580] Direct timed out
2025-08-25 06:01:05 - [20580] Trying AllOrigins…
2025-08-25 06:01:12 - [20580] OK via AllOrigins (epoch age: 17.2h)
2025-08-25 06:01:12 - [60240] Trying Direct…
2025-08-25 06:01:42 - [60240] Direct timed out
2025-08-25 06:01:42 - [60240] Trying AllOrigins…
2025-08-25 06:01:44 - [60240] OK via AllOrigins (epoch age: 8.4h)
2025-08-25 06:01:44 - [44714] Trying Direct…
2025-08-25 06:02:15 - [44714] Direct timed out
2025-08-25 06:02:15 - [44714] Trying AllOrigins…
2025-08-25 06:02:16 - [44714] OK via AllOrigins (epoch age: 12.7h)
2025-08-25 06:02:16 - [28654] Trying Direct…
2025-08-25 06:02:47 - [28654] Direct timed out
2025-08-25 06:02:47 - [28654] Trying AllOrigins…
2025-08-25 06:02:47 - [28654] AllOrigins status 500
2025-08-25 06:02:47 - [28654] Using previous TLE
2025-08-25 06:02:47 - [33591] Trying Direct…
2025-08-25 06:03:18 - [33591] Direct timed out
2025-08-25 06:03:18 - [33591] Trying AllOrigins…
2025-08-25 06:03:23 - [33591] OK via AllOrigins (epoch age: 9.2h)
2025-08-25 06:03:23 - Saved 6/6 TLEs → /home/ubuntu/tle-tracker/static/tle_data.json
2025-08-25 06:03:23 - ==== TLE fetch done ====
2025-08-26 06:00:02 - ==== TLE fetch start ====
2025-08-26 06:00:02 - Loaded existing file with 6 sats
2025-08-26 06:00:02 - [25544] Trying Direct…
2025-08-26 06:00:14 - [25544] OK via Direct (epoch age: 18.1h)
2025-08-26 06:00:14 - [20580] Trying Direct…
2025-08-26 06:00:18 - [20580] OK via Direct (epoch age: 17.6h)
2025-08-26 06:00:18 - [60240] Trying Direct…
2025-08-26 06:00:23 - [60240] OK via Direct (epoch age: 21.2h)
2025-08-26 06:00:23 - [44714] Trying Direct…
2025-08-26 06:00:25 - [44714] OK via Direct (epoch age: 17.6h)
2025-08-26 06:00:25 - [28654] Trying Direct…
2025-08-26 06:00:26 - [28654] OK via Direct (epoch age: 16.6h)
2025-08-26 06:00:26 - [33591] Trying Direct…
2025-08-26 06:00:27 - [33591] OK via Direct (epoch age: 16.1h)
2025-08-26 06:00:27 - Saved 6/6 TLEs → /home/ubuntu/tle-tracker/static/tle_data.json
2025-08-26 06:00:27 - ==== TLE fetch done ====
2025-08-26 06:00:02 - ==== TLE fetch start ====
2025-08-26 06:00:02 - Loaded existing file with 6 sats
2025-08-26 06:00:02 - [25544] Trying Direct…
2025-08-26 06:00:14 - [25544] OK via Direct (epoch age: 18.1h)
2025-08-26 06:00:14 - [20580] Trying Direct…
2025-08-26 06:00:18 - [20580] OK via Direct (epoch age: 17.6h)
2025-08-26 06:00:18 - [60240] Trying Direct…
2025-08-26 06:00:23 - [60240] OK via Direct (epoch age: 21.2h)
2025-08-26 06:00:23 - [44714] Trying Direct…
2025-08-26 06:00:25 - [44714] OK via Direct (epoch age: 17.6h)
2025-08-26 06:00:25 - [28654] Trying Direct…
2025-08-26 06:00:26 - [28654] OK via Direct (epoch age: 16.6h)
2025-08-26 06:00:26 - [33591] Trying Direct…
2025-08-26 06:00:27 - [33591] OK via Direct (epoch age: 16.1h)
2025-08-26 06:00:27 - Saved 6/6 TLEs → /home/ubuntu/tle-tracker/static/tle_data.json
2025-08-26 06:00:27 - ==== TLE fetch done ====
2025-08-27 06:00:02 - ==== TLE fetch start ====
2025-08-27 06:00:02 - Loaded existing file with 6 sats
2025-08-27 06:00:02 - [25544] Trying Direct…
2025-08-27 06:00:11 - [25544] OK via Direct (epoch age: 8.0h)
2025-08-27 06:00:11 - [20580] Trying Direct…
2025-08-27 06:00:15 - [20580] OK via Direct (epoch age: 10.2h)
2025-08-27 06:00:15 - [60240] Trying Direct…
2025-08-27 06:00:20 - [60240] OK via Direct (epoch age: 8.4h)
2025-08-27 06:00:20 - [44714] Trying Direct…
2025-08-27 06:00:22 - [44714] OK via Direct (epoch age: 16.1h)
2025-08-27 06:00:22 - [28654] Trying Direct…
2025-08-27 06:00:24 - [28654] OK via Direct (epoch age: 8.3h)
2025-08-27 06:00:24 - [33591] Trying Direct…
2025-08-27 06:00:24 - [33591] OK via Direct (epoch age: 7.8h)
2025-08-27 06:00:24 - Saved 6/6 TLEs → /home/ubuntu/tle-tracker/static/tle_data.json
2025-08-27 06:00:24 - ==== TLE fetch done ====
2025-08-27 06:00:02 - ==== TLE fetch start ====
2025-08-27 06:00:02 - Loaded existing file with 6 sats
2025-08-27 06:00:02 - [25544] Trying Direct…
2025-08-27 06:00:11 - [25544] OK via Direct (epoch age: 8.0h)
2025-08-27 06:00:11 - [20580] Trying Direct…
2025-08-27 06:00:15 - [20580] OK via Direct (epoch age: 10.2h)
2025-08-27 06:00:15 - [60240] Trying Direct…
2025-08-27 06:00:20 - [60240] OK via Direct (epoch age: 8.4h)
2025-08-27 06:00:20 - [44714] Trying Direct…
2025-08-27 06:00:22 - [44714] OK via Direct (epoch age: 16.1h)
2025-08-27 06:00:22 - [28654] Trying Direct…
2025-08-27 06:00:24 - [28654] OK via Direct (epoch age: 8.3h)
2025-08-27 06:00:24 - [33591] Trying Direct…
2025-08-27 06:00:24 - [33591] OK via Direct (epoch age: 7.8h)
2025-08-27 06:00:24 - Saved 6/6 TLEs → /home/ubuntu/tle-tracker/static/tle_data.json
2025-08-27 06:00:24 - ==== TLE fetch done ====
2025-08-28 06:00:01 - ==== TLE fetch start ====
2025-08-28 06:00:01 - Loaded existing file with 6 sats
2025-08-28 06:00:01 - [25544] Trying Direct…
2025-08-28 06:00:11 - [25544] OK via Direct (epoch age: 13.5h)
2025-08-28 06:00:11 - [20580] Trying Direct…
2025-08-28 06:00:13 - [20580] OK via Direct (epoch age: 10.7h)
2025-08-28 06:00:13 - [60240] Trying Direct…
2025-08-28 06:00:14 - [60240] OK via Direct (epoch age: 8.4h)
2025-08-28 06:00:14 - [44714] Trying Direct…
2025-08-28 06:00:15 - [44714] OK via Direct (epoch age: 16.2h)
2025-08-28 06:00:15 - [28654] Trying Direct…
2025-08-28 06:00:15 - [28654] OK via Direct (epoch age: 8.5h)
2025-08-28 06:00:15 - [33591] Trying Direct…
2025-08-28 06:00:16 - [33591] OK via Direct (epoch age: 8.1h)
2025-08-28 06:00:16 - Saved 6/6 TLEs → /home/ubuntu/tle-tracker/static/tle_data.json
2025-08-28 06:00:16 - ==== TLE fetch done ====
2025-08-28 06:00:01 - ==== TLE fetch start ====
2025-08-28 06:00:01 - Loaded existing file with 6 sats
2025-08-28 06:00:01 - [25544] Trying Direct…
2025-08-28 06:00:11 - [25544] OK via Direct (epoch age: 13.5h)
2025-08-28 06:00:11 - [20580] Trying Direct…
2025-08-28 06:00:13 - [20580] OK via Direct (epoch age: 10.7h)
2025-08-28 06:00:13 - [60240] Trying Direct…
2025-08-28 06:00:14 - [60240] OK via Direct (epoch age: 8.4h)
2025-08-28 06:00:14 - [44714] Trying Direct…
2025-08-28 06:00:15 - [44714] OK via Direct (epoch age: 16.2h)
2025-08-28 06:00:15 - [28654] Trying Direct…
2025-08-28 06:00:15 - [28654] OK via Direct (epoch age: 8.5h)
2025-08-28 06:00:15 - [33591] Trying Direct…
2025-08-28 06:00:16 - [33591] OK via Direct (epoch age: 8.1h)
2025-08-28 06:00:16 - Saved 6/6 TLEs → /home/ubuntu/tle-tracker/static/tle_data.json
2025-08-28 06:00:16 - ==== TLE fetch done ====
2025-08-29 06:00:01 - ==== TLE fetch start ====
2025-08-29 06:00:01 - Loaded existing file with 6 sats
2025-08-29 06:00:01 - [25544] Trying Direct…
2025-08-29 06:00:11 - [25544] OK via Direct (epoch age: 14.3h)
2025-08-29 06:00:11 - [20580] Trying Direct…
2025-08-29 06:00:14 - [20580] OK via Direct (epoch age: 19.0h)
2025-08-29 06:00:14 - [60240] Trying Direct…
2025-08-29 06:00:16 - [60240] OK via Direct (epoch age: 8.4h)
2025-08-29 06:00:16 - [44714] Trying Direct…
2025-08-29 06:00:17 - [44714] OK via Direct (epoch age: 16.3h)
2025-08-29 06:00:17 - [28654] Trying Direct…
2025-08-29 06:00:18 - [28654] OK via Direct (epoch age: 8.7h)
2025-08-29 06:00:18 - [33591] Trying Direct…
2025-08-29 06:00:18 - [33591] OK via Direct (epoch age: 8.3h)
2025-08-29 06:00:18 - Saved 6/6 TLEs → /home/ubuntu/tle-tracker/static/tle_data.json
2025-08-29 06:00:18 - ==== TLE fetch done ====
2025-08-29 06:00:01 - ==== TLE fetch start ====
2025-08-29 06:00:01 - Loaded existing file with 6 sats
2025-08-29 06:00:01 - [25544] Trying Direct…
2025-08-29 06:00:11 - [25544] OK via Direct (epoch age: 14.3h)
2025-08-29 06:00:11 - [20580] Trying Direct…
2025-08-29 06:00:14 - [20580] OK via Direct (epoch age: 19.0h)
2025-08-29 06:00:14 - [60240] Trying Direct…
2025-08-29 06:00:16 - [60240] OK via Direct (epoch age: 8.4h)
2025-08-29 06:00:16 - [44714] Trying Direct…
2025-08-29 06:00:17 - [44714] OK via Direct (epoch age: 16.3h)
2025-08-29 06:00:17 - [28654] Trying Direct…
2025-08-29 06:00:18 - [28654] OK via Direct (epoch age: 8.7h)
2025-08-29 06:00:18 - [33591] Trying Direct…
2025-08-29 06:00:18 - [33591] OK via Direct (epoch age: 8.3h)
2025-08-29 06:00:18 - Saved 6/6 TLEs → /home/ubuntu/tle-tracker/static/tle_data.json
2025-08-29 06:00:18 - ==== TLE fetch done ====
2025-08-30 06:00:02 - ==== TLE fetch start ====
2025-08-30 06:00:02 - Loaded existing file with 6 sats
2025-08-30 06:00:02 - [25544] Trying Direct…
2025-08-30 06:00:10 - [25544] OK via Direct (epoch age: 10.4h)
2025-08-30 06:00:10 - [20580] Trying Direct…
2025-08-30 06:00:12 - [20580] OK via Direct (epoch age: 11.6h)
2025-08-30 06:00:12 - [60240] Trying Direct…
2025-08-30 06:00:13 - [60240] OK via Direct (epoch age: 8.4h)
2025-08-30 06:00:13 - [44714] Trying Direct…
2025-08-30 06:00:14 - [44714] OK via Direct (epoch age: 16.5h)
2025-08-30 06:00:14 - [28654] Trying Direct…
2025-08-30 06:00:15 - [28654] OK via Direct (epoch age: 8.9h)
2025-08-30 06:00:15 - [33591] Trying Direct…
2025-08-30 06:00:16 - [33591] OK via Direct (epoch age: 8.5h)
2025-08-30 06:00:16 - Saved 6/6 TLEs → /home/ubuntu/tle-tracker/static/tle_data.json
2025-08-30 06:00:16 - ==== TLE fetch done ====
2025-08-30 06:00:02 - ==== TLE fetch start ====
2025-08-30 06:00:02 - Loaded existing file with 6 sats
2025-08-30 06:00:02 - [25544] Trying Direct…
2025-08-30 06:00:10 - [25544] OK via Direct (epoch age: 10.4h)
2025-08-30 06:00:10 - [20580] Trying Direct…
2025-08-30 06:00:12 - [20580] OK via Direct (epoch age: 11.6h)
2025-08-30 06:00:12 - [60240] Trying Direct…
2025-08-30 06:00:13 - [60240] OK via Direct (epoch age: 8.4h)
2025-08-30 06:00:13 - [44714] Trying Direct…
2025-08-30 06:00:14 - [44714] OK via Direct (epoch age: 16.5h)
2025-08-30 06:00:14 - [28654] Trying Direct…
2025-08-30 06:00:15 - [28654] OK via Direct (epoch age: 8.9h)
2025-08-30 06:00:15 - [33591] Trying Direct…
2025-08-30 06:00:16 - [33591] OK via Direct (epoch age: 8.5h)
2025-08-30 06:00:16 - Saved 6/6 TLEs → /home/ubuntu/tle-tracker/static/tle_data.json
2025-08-30 06:00:16 - ==== TLE fetch done ====
2025-08-31 06:00:01 - ==== TLE fetch start ====
2025-08-31 06:00:01 - Loaded existing file with 6 sats
2025-08-31 06:00:01 - [25544] Trying Direct…
2025-08-31 06:00:12 - [25544] OK via Direct (epoch age: 9.7h)
2025-08-31 06:00:12 - [20580] Trying Direct…
2025-08-31 06:00:15 - [20580] OK via Direct (epoch age: 12.1h)
2025-08-31 06:00:15 - [60240] Trying Direct…
2025-08-31 06:00:18 - [60240] OK via Direct (epoch age: 8.4h)
2025-08-31 06:00:18 - [44714] Trying Direct…
2025-08-31 06:00:18 - [44714] OK via Direct (epoch age: 18.2h)
2025-08-31 06:00:18 - [28654] Trying Direct…
2025-08-31 06:00:19 - [28654] OK via Direct (epoch age: 9.2h)
2025-08-31 06:00:19 - [33591] Trying Direct…
2025-08-31 06:00:19 - [33591] OK via Direct (epoch age: 8.7h)
2025-08-31 06:00:19 - Saved 6/6 TLEs → /home/ubuntu/tle-tracker/static/tle_data.json
2025-08-31 06:00:19 - ==== TLE fetch done ====
2025-08-31 06:00:01 - ==== TLE fetch start ====
2025-08-31 06:00:01 - Loaded existing file with 6 sats
2025-08-31 06:00:01 - [25544] Trying Direct…
2025-08-31 06:00:12 - [25544] OK via Direct (epoch age: 9.7h)
2025-08-31 06:00:12 - [20580] Trying Direct…
2025-08-31 06:00:15 - [20580] OK via Direct (epoch age: 12.1h)
2025-08-31 06:00:15 - [60240] Trying Direct…
2025-08-31 06:00:18 - [60240] OK via Direct (epoch age: 8.4h)
2025-08-31 06:00:18 - [44714] Trying Direct…
2025-08-31 06:00:18 - [44714] OK via Direct (epoch age: 18.2h)
2025-08-31 06:00:18 - [28654] Trying Direct…
2025-08-31 06:00:19 - [28654] OK via Direct (epoch age: 9.2h)
2025-08-31 06:00:19 - [33591] Trying Direct…
2025-08-31 06:00:19 - [33591] OK via Direct (epoch age: 8.7h)
2025-08-31 06:00:19 - Saved 6/6 TLEs → /home/ubuntu/tle-tracker/static/tle_data.json
2025-08-31 06:00:19 - ==== TLE fetch done ====
2025-09-01 06:00:01 - ==== TLE fetch start ====
2025-09-01 06:00:01 - Loaded existing file with 6 sats
2025-09-01 06:00:01 - [25544] Trying Direct…
2025-09-01 06:00:12 - [25544] OK via Direct (epoch age: 10.5h)
2025-09-01 06:00:12 - [20580] Trying Direct…
2025-09-01 06:00:17 - [20580] OK via Direct (epoch age: 12.5h)
2025-09-01 06:00:17 - [60240] Trying Direct…
2025-09-01 06:00:19 - [60240] OK via Direct (epoch age: 8.4h)
2025-09-01 06:00:19 - [44714] Trying Direct…
2025-09-01 06:00:21 - [44714] OK via Direct (epoch age: 15.1h)
2025-09-01 06:00:21 - [28654] Trying Direct…
2025-09-01 06:00:22 - [28654] OK via Direct (epoch age: 7.7h)
2025-09-01 06:00:22 - [33591] Trying Direct…
2025-09-01 06:00:22 - [33591] OK via Direct (epoch age: 8.9h)
2025-09-01 06:00:22 - Saved 6/6 TLEs → /home/ubuntu/tle-tracker/static/tle_data.json
2025-09-01 06:00:22 - ==== TLE fetch done ====
2025-09-01 06:00:01 - ==== TLE fetch start ====
2025-09-01 06:00:01 - Loaded existing file with 6 sats
2025-09-01 06:00:01 - [25544] Trying Direct…
2025-09-01 06:00:12 - [25544] OK via Direct (epoch age: 10.5h)
2025-09-01 06:00:12 - [20580] Trying Direct…
2025-09-01 06:00:17 - [20580] OK via Direct (epoch age: 12.5h)
2025-09-01 06:00:17 - [60240] Trying Direct…
2025-09-01 06:00:19 - [60240] OK via Direct (epoch age: 8.4h)
2025-09-01 06:00:19 - [44714] Trying Direct…
2025-09-01 06:00:21 - [44714] OK via Direct (epoch age: 15.1h)
2025-09-01 06:00:21 - [28654] Trying Direct…
2025-09-01 06:00:22 - [28654] OK via Direct (epoch age: 7.7h)
2025-09-01 06:00:22 - [33591] Trying Direct…
2025-09-01 06:00:22 - [33591] OK via Direct (epoch age: 8.9h)
2025-09-01 06:00:22 - Saved 6/6 TLEs → /home/ubuntu/tle-tracker/static/tle_data.json
2025-09-01 06:00:22 - ==== TLE fetch done ====
2025-09-02 06:00:01 - ==== TLE fetch start ====
2025-09-02 06:00:01 - Loaded existing file with 6 sats
2025-09-02 06:00:01 - [25544] Trying Direct…
2025-09-02 06:00:12 - [25544] OK via Direct (epoch age: 11.3h)
2025-09-02 06:00:12 - [20580] Trying Direct…
2025-09-02 06:00:16 - [20580] OK via Direct (epoch age: 13.0h)
2025-09-02 06:00:16 - [60240] Trying Direct…
2025-09-02 06:00:19 - [60240] OK via Direct (epoch age: 6.8h)
2025-09-02 06:00:19 - [44714] Trying Direct…
2025-09-02 06:00:20 - [44714] OK via Direct (epoch age: 20.0h)
2025-09-02 06:00:20 - [28654] Trying Direct…
2025-09-02 06:00:20 - [28654] OK via Direct (epoch age: 7.9h)
2025-09-02 06:00:20 - [33591] Trying Direct…
2025-09-02 06:00:21 - [33591] OK via Direct (epoch age: 9.1h)
2025-09-02 06:00:21 - Saved 6/6 TLEs → /home/ubuntu/tle-tracker/static/tle_data.json
2025-09-02 06:00:21 - ==== TLE fetch done ====
2025-09-02 06:00:01 - ==== TLE fetch start ====
2025-09-02 06:00:01 - Loaded existing file with 6 sats
2025-09-02 06:00:01 - [25544] Trying Direct…
2025-09-02 06:00:12 - [25544] OK via Direct (epoch age: 11.3h)
2025-09-02 06:00:12 - [20580] Trying Direct…
2025-09-02 06:00:16 - [20580] OK via Direct (epoch age: 13.0h)
2025-09-02 06:00:16 - [60240] Trying Direct…
2025-09-02 06:00:19 - [60240] OK via Direct (epoch age: 6.8h)
2025-09-02 06:00:19 - [44714] Trying Direct…
2025-09-02 06:00:20 - [44714] OK via Direct (epoch age: 20.0h)
2025-09-02 06:00:20 - [28654] Trying Direct…
2025-09-02 06:00:20 - [28654] OK via Direct (epoch age: 7.9h)
2025-09-02 06:00:20 - [33591] Trying Direct…
2025-09-02 06:00:21 - [33591] OK via Direct (epoch age: 9.1h)
2025-09-02 06:00:21 - Saved 6/6 TLEs → /home/ubuntu/tle-tracker/static/tle_data.json
2025-09-02 06:00:21 - ==== TLE fetch done ====
2025-09-03 06:00:01 - ==== TLE fetch start ====
2025-09-03 06:00:01 - Loaded existing file with 6 sats
2025-09-03 06:00:01 - [25544] Trying Direct…
2025-09-03 06:00:11 - [25544] OK via Direct (epoch age: 10.5h)
2025-09-03 06:00:11 - [20580] Trying Direct…
2025-09-03 06:00:16 - [20580] OK via Direct (epoch age: 13.4h)
2025-09-03 06:00:16 - [60240] Trying Direct…
2025-09-03 06:00:19 - [60240] OK via Direct (epoch age: 6.9h)
2025-09-03 06:00:19 - [44714] Trying Direct…
2025-09-03 06:00:21 - [44714] OK via Direct (epoch age: 9.0h)
2025-09-03 06:00:21 - [28654] Trying Direct…
2025-09-03 06:00:22 - [28654] OK via Direct (epoch age: 8.1h)
2025-09-03 06:00:22 - [33591] Trying Direct…
2025-09-03 06:00:24 - [33591] OK via Direct (epoch age: 9.3h)
2025-09-03 06:00:24 - Saved 6/6 TLEs → /home/ubuntu/tle-tracker/static/tle_data.json
2025-09-03 06:00:24 - ==== TLE fetch done ====
2025-09-03 06:00:01 - ==== TLE fetch start ====
2025-09-03 06:00:01 - Loaded existing file with 6 sats
2025-09-03 06:00:01 - [25544] Trying Direct…
2025-09-03 06:00:11 - [25544] OK via Direct (epoch age: 10.5h)
2025-09-03 06:00:11 - [20580] Trying Direct…
2025-09-03 06:00:16 - [20580] OK via Direct (epoch age: 13.4h)
2025-09-03 06:00:16 - [60240] Trying Direct…
2025-09-03 06:00:19 - [60240] OK via Direct (epoch age: 6.9h)
2025-09-03 06:00:19 - [44714] Trying Direct…
2025-09-03 06:00:21 - [44714] OK via Direct (epoch age: 9.0h)
2025-09-03 06:00:21 - [28654] Trying Direct…
2025-09-03 06:00:22 - [28654] OK via Direct (epoch age: 8.1h)
2025-09-03 06:00:22 - [33591] Trying Direct…
2025-09-03 06:00:24 - [33591] OK via Direct (epoch age: 9.3h)
2025-09-03 06:00:24 - Saved 6/6 TLEs → /home/ubuntu/tle-tracker/static/tle_data.json
2025-09-03 06:00:24 - ==== TLE fetch done ====
2025-09-04 06:00:01 - ==== TLE fetch start ====
2025-09-04 06:00:01 - Loaded existing file with 6 sats
2025-09-04 06:00:01 - [25544] Trying Direct…
2025-09-04 06:00:14 - [25544] OK via Direct (epoch age: 3.6h)
2025-09-04 06:00:14 - [20580] Trying Direct…
2025-09-04 06:00:16 - [20580] OK via Direct (epoch age: 23.3h)
2025-09-04 06:00:16 - [60240] Trying Direct…
2025-09-04 06:00:18 - [60240] OK via Direct (epoch age: 26.1h)
2025-09-04 06:00:18 - [44714] Trying Direct…
2025-09-04 06:00:19 - [44714] OK via Direct (epoch age: 33.0h)
2025-09-04 06:00:19 - [28654] Trying Direct…
2025-09-04 06:00:19 - [28654] OK via Direct (epoch age: 25.3h)
2025-09-04 06:00:19 - [33591] Trying Direct…
2025-09-04 06:00:20 - [33591] OK via Direct (epoch age: 24.8h)
2025-09-04 06:00:20 - Saved 6/6 TLEs → /home/ubuntu/tle-tracker/static/tle_data.json
2025-09-04 06:00:20 - ==== TLE fetch done ====
2025-09-04 06:00:01 - ==== TLE fetch start ====
2025-09-04 06:00:01 - Loaded existing file with 6 sats
2025-09-04 06:00:01 - [25544] Trying Direct…
2025-09-04 06:00:14 - [25544] OK via Direct (epoch age: 3.6h)
2025-09-04 06:00:14 - [20580] Trying Direct…
2025-09-04 06:00:16 - [20580] OK via Direct (epoch age: 23.3h)
2025-09-04 06:00:16 - [60240] Trying Direct…
2025-09-04 06:00:18 - [60240] OK via Direct (epoch age: 26.1h)
2025-09-04 06:00:18 - [44714] Trying Direct…
2025-09-04 06:00:19 - [44714] OK via Direct (epoch age: 33.0h)
2025-09-04 06:00:19 - [28654] Trying Direct…
2025-09-04 06:00:19 - [28654] OK via Direct (epoch age: 25.3h)
2025-09-04 06:00:19 - [33591] Trying Direct…
2025-09-04 06:00:20 - [33591] OK via Direct (epoch age: 24.8h)
2025-09-04 06:00:20 - Saved 6/6 TLEs → /home/ubuntu/tle-tracker/static/tle_data.json
2025-09-04 06:00:20 - ==== TLE fetch done ====
2025-09-05 06:00:02 - ==== TLE fetch start ====
2025-09-05 06:00:02 - Loaded existing file with 6 sats
2025-09-05 06:00:02 - [25544] Trying Direct…
2025-09-05 06:00:15 - [25544] OK via Direct (epoch age: 27.6h)
2025-09-05 06:00:15 - [20580] Trying Direct…
2025-09-05 06:00:16 - [20580] OK via Direct (epoch age: 23.8h)
2025-09-05 06:00:16 - [60240] Trying Direct…
2025-09-05 06:00:17 - [60240] OK via Direct (epoch age: 27.7h)
2025-09-05 06:00:17 - [44714] Trying Direct…
2025-09-05 06:00:17 - [44714] OK via Direct (epoch age: 42.6h)
2025-09-05 06:00:17 - [28654] Trying Direct…
2025-09-05 06:00:18 - [28654] OK via Direct (epoch age: 23.8h)
2025-09-05 06:00:18 - [33591] Trying Direct…
2025-09-05 06:00:18 - [33591] OK via Direct (epoch age: 25.1h)
2025-09-05 06:00:18 - Saved 6/6 TLEs → /home/ubuntu/tle-tracker/static/tle_data.json
2025-09-05 06:00:18 - ==== TLE fetch done ====
2025-09-05 06:00:02 - ==== TLE fetch start ====
2025-09-05 06:00:02 - Loaded existing file with 6 sats
2025-09-05 06:00:02 - [25544] Trying Direct…
2025-09-05 06:00:15 - [25544] OK via Direct (epoch age: 27.6h)
2025-09-05 06:00:15 - [20580] Trying Direct…
2025-09-05 06:00:16 - [20580] OK via Direct (epoch age: 23.8h)
2025-09-05 06:00:16 - [60240] Trying Direct…
2025-09-05 06:00:17 - [60240] OK via Direct (epoch age: 27.7h)
2025-09-05 06:00:17 - [44714] Trying Direct…
2025-09-05 06:00:17 - [44714] OK via Direct (epoch age: 42.6h)
2025-09-05 06:00:17 - [28654] Trying Direct…
2025-09-05 06:00:18 - [28654] OK via Direct (epoch age: 23.8h)
2025-09-05 06:00:18 - [33591] Trying Direct…
2025-09-05 06:00:18 - [33591] OK via Direct (epoch age: 25.1h)
2025-09-05 06:00:18 - Saved 6/6 TLEs → /home/ubuntu/tle-tracker/static/tle_data.json
2025-09-05 06:00:18 - ==== TLE fetch done ====
2025-09-06 06:00:02 - ==== TLE fetch start ====
2025-09-06 06:00:02 - Loaded existing file with 6 sats
2025-09-06 06:00:02 - [25544] Trying Direct…
2025-09-06 06:00:12 - [25544] OK via Direct (epoch age: 11.3h)
2025-09-06 06:00:12 - [20580] Trying Direct…
2025-09-06 06:00:16 - [20580] OK via Direct (epoch age: 14.8h)
2025-09-06 06:00:16 - [60240] Trying Direct…
2025-09-06 06:00:20 - [60240] OK via Direct (epoch age: 6.9h)
2025-09-06 06:00:20 - [44714] Trying Direct…
2025-09-06 06:00:28 - [44714] OK via Direct (epoch age: 9.3h)
2025-09-06 06:00:28 - [28654] Trying Direct…
2025-09-06 06:00:30 - [28654] OK via Direct (epoch age: 8.8h)
2025-09-06 06:00:30 - [33591] Trying Direct…
2025-09-06 06:00:31 - [33591] OK via Direct (epoch age: 8.3h)
2025-09-06 06:00:31 - Saved 6/6 TLEs → /home/ubuntu/tle-tracker/static/tle_data.json
2025-09-06 06:00:31 - ==== TLE fetch done ====
2025-09-06 06:00:02 - ==== TLE fetch start ====
2025-09-06 06:00:02 - Loaded existing file with 6 sats
2025-09-06 06:00:02 - [25544] Trying Direct…
2025-09-06 06:00:12 - [25544] OK via Direct (epoch age: 11.3h)
2025-09-06 06:00:12 - [20580] Trying Direct…
2025-09-06 06:00:16 - [20580] OK via Direct (epoch age: 14.8h)
2025-09-06 06:00:16 - [60240] Trying Direct…
2025-09-06 06:00:20 - [60240] OK via Direct (epoch age: 6.9h)
2025-09-06 06:00:20 - [44714] Trying Direct…
2025-09-06 06:00:28 - [44714] OK via Direct (epoch age: 9.3h)
2025-09-06 06:00:28 - [28654] Trying Direct…
2025-09-06 06:00:30 - [28654] OK via Direct (epoch age: 8.8h)
2025-09-06 06:00:30 - [33591] Trying Direct…
2025-09-06 06:00:31 - [33591] OK via Direct (epoch age: 8.3h)
2025-09-06 06:00:31 - Saved 6/6 TLEs → /home/ubuntu/tle-tracker/static/tle_data.json
2025-09-06 06:00:31 - ==== TLE fetch done ====
2025-09-07 06:00:01 - ==== TLE fetch start ====
2025-09-07 06:00:01 - Loaded existing file with 6 sats
2025-09-07 06:00:01 - [25544] Trying Direct…
2025-09-07 06:00:11 - [25544] OK via Direct (epoch age: 9.0h)
2025-09-07 06:00:11 - [20580] Trying Direct…
2025-09-07 06:00:15 - [20580] OK via Direct (epoch age: 23.1h)
2025-09-07 06:00:15 - [60240] Trying Direct…
2025-09-07 06:00:17 - [60240] OK via Direct (epoch age: 8.5h)
2025-09-07 06:00:17 - [44714] Trying Direct…
2025-09-07 06:00:21 - [44714] OK via Direct (epoch age: 9.4h)
2025-09-07 06:00:21 - [28654] Trying Direct…
2025-09-07 06:00:23 - [28654] OK via Direct (epoch age: 9.0h)
2025-09-07 06:00:23 - [33591] Trying Direct…
2025-09-07 06:00:24 - [33591] OK via Direct (epoch age: 8.5h)
2025-09-07 06:00:24 - Saved 6/6 TLEs → /home/ubuntu/tle-tracker/static/tle_data.json
2025-09-07 06:00:24 - ==== TLE fetch done ====
2025-09-07 06:00:01 - ==== TLE fetch start ====
2025-09-07 06:00:01 - Loaded existing file with 6 sats
2025-09-07 06:00:01 - [25544] Trying Direct…
2025-09-07 06:00:11 - [25544] OK via Direct (epoch age: 9.0h)
2025-09-07 06:00:11 - [20580] Trying Direct…
2025-09-07 06:00:15 - [20580] OK via Direct (epoch age: 23.1h)
2025-09-07 06:00:15 - [60240] Trying Direct…
2025-09-07 06:00:17 - [60240] OK via Direct (epoch age: 8.5h)
2025-09-07 06:00:17 - [44714] Trying Direct…
2025-09-07 06:00:21 - [44714] OK via Direct (epoch age: 9.4h)
2025-09-07 06:00:21 - [28654] Trying Direct…
2025-09-07 06:00:23 - [28654] OK via Direct (epoch age: 9.0h)
2025-09-07 06:00:23 - [33591] Trying Direct…
2025-09-07 06:00:24 - [33591] OK via Direct (epoch age: 8.5h)
2025-09-07 06:00:24 - Saved 6/6 TLEs → /home/ubuntu/tle-tracker/static/tle_data.json
2025-09-07 06:00:24 - ==== TLE fetch done ====
2025-09-08 06:00:01 - ==== TLE fetch start ====
2025-09-08 06:00:01 - Loaded existing file with 6 sats
2025-09-08 06:00:01 - [25544] Trying Direct…
2025-09-08 06:00:15 - [25544] OK via Direct (epoch age: 9.8h)
2025-09-08 06:00:15 - [20580] Trying Direct…
2025-09-08 06:00:21 - [20580] OK via Direct (epoch age: 25.1h)
2025-09-08 06:00:21 - [60240] Trying Direct…
2025-09-08 06:00:23 - [60240] OK via Direct (epoch age: 6.9h)
2025-09-08 06:00:23 - [44714] Trying Direct…
2025-09-08 06:00:25 - [44714] OK via Direct (epoch age: 20.7h)
2025-09-08 06:00:25 - [28654] Trying Direct…
2025-09-08 06:00:27 - [28654] OK via Direct (epoch age: 7.5h)
2025-09-08 06:00:27 - [33591] Trying Direct…
2025-09-08 06:00:27 - [33591] OK via Direct (epoch age: 8.7h)
2025-09-08 06:00:27 - Saved 6/6 TLEs → /home/ubuntu/tle-tracker/static/tle_data.json
2025-09-08 06:00:27 - ==== TLE fetch done ====
2025-09-08 06:00:01 - ==== TLE fetch start ====
2025-09-08 06:00:01 - Loaded existing file with 6 sats
2025-09-08 06:00:01 - [25544] Trying Direct…
2025-09-08 06:00:15 - [25544] OK via Direct (epoch age: 9.8h)
2025-09-08 06:00:15 - [20580] Trying Direct…
2025-09-08 06:00:21 - [20580] OK via Direct (epoch age: 25.1h)
2025-09-08 06:00:21 - [60240] Trying Direct…
2025-09-08 06:00:23 - [60240] OK via Direct (epoch age: 6.9h)
2025-09-08 06:00:23 - [44714] Trying Direct…
2025-09-08 06:00:25 - [44714] OK via Direct (epoch age: 20.7h)
2025-09-08 06:00:25 - [28654] Trying Direct…
2025-09-08 06:00:27 - [28654] OK via Direct (epoch age: 7.5h)
2025-09-08 06:00:27 - [33591] Trying Direct…
2025-09-08 06:00:27 - [33591] OK via Direct (epoch age: 8.7h)
2025-09-08 06:00:27 - Saved 6/6 TLEs → /home/ubuntu/tle-tracker/static/tle_data.json
2025-09-08 06:00:27 - ==== TLE fetch done ====
2025-09-09 06:00:01 - ==== TLE fetch start ====
2025-09-09 06:00:01 - Loaded existing file with 6 sats
2025-09-09 06:00:01 - [25544] Trying Direct…
2025-09-09 06:00:11 - [25544] OK via Direct (epoch age: 18.3h)
2025-09-09 06:00:11 - [20580] Trying Direct…
2025-09-09 06:00:16 - [20580] OK via Direct (epoch age: 24.0h)
2025-09-09 06:00:16 - [60240] Trying Direct…
2025-09-09 06:00:17 - [60240] OK via Direct (epoch age: 24.5h)
2025-09-09 06:00:17 - [44714] Trying Direct…
2025-09-09 06:00:19 - [44714] OK via Direct (epoch age: 20.8h)
2025-09-09 06:00:19 - [28654] Trying Direct…
2025-09-09 06:00:20 - [28654] OK via Direct (epoch age: 16.2h)
2025-09-09 06:00:20 - [33591] Trying Direct…
2025-09-09 06:00:20 - [33591] OK via Direct (epoch age: 15.7h)
2025-09-09 06:00:20 - Saved 6/6 TLEs → /home/ubuntu/tle-tracker/static/tle_data.json
2025-09-09 06:00:20 - ==== TLE fetch done ====
2025-09-09 06:00:01 - ==== TLE fetch start ====
2025-09-09 06:00:01 - Loaded existing file with 6 sats
2025-09-09 06:00:01 - [25544] Trying Direct…
2025-09-09 06:00:11 - [25544] OK via Direct (epoch age: 18.3h)
2025-09-09 06:00:11 - [20580] Trying Direct…
2025-09-09 06:00:16 - [20580] OK via Direct (epoch age: 24.0h)
2025-09-09 06:00:16 - [60240] Trying Direct…
2025-09-09 06:00:17 - [60240] OK via Direct (epoch age: 24.5h)
2025-09-09 06:00:17 - [44714] Trying Direct…
2025-09-09 06:00:19 - [44714] OK via Direct (epoch age: 20.8h)
2025-09-09 06:00:19 - [28654] Trying Direct…
2025-09-09 06:00:20 - [28654] OK via Direct (epoch age: 16.2h)
2025-09-09 06:00:20 - [33591] Trying Direct…
2025-09-09 06:00:20 - [33591] OK via Direct (epoch age: 15.7h)
2025-09-09 06:00:20 - Saved 6/6 TLEs → /home/ubuntu/tle-tracker/static/tle_data.json
2025-09-09 06:00:20 - ==== TLE fetch done ====
2025-09-10 06:00:01 - ==== TLE fetch start ====
2025-09-10 06:00:01 - Loaded existing file with 6 sats
2025-09-10 06:00:01 - [25544] Trying Direct…
2025-09-10 06:00:20 - [25544] OK via Direct (epoch age: 25.3h)
2025-09-10 06:00:20 - [20580] Trying Direct…
2025-09-10 06:00:29 - [20580] OK via Direct (epoch age: 24.5h)
2025-09-10 06:00:29 - [60240] Trying Direct…
2025-09-10 06:00:31 - [60240] OK via Direct (epoch age: 24.5h)
2025-09-10 06:00:31 - [44714] Trying Direct…
2025-09-10 06:00:33 - [44714] OK via Direct (epoch age: 24.1h)
2025-09-10 06:00:33 - [28654] Trying Direct…
2025-09-10 06:00:34 - [28654] OK via Direct (epoch age: 24.9h)
2025-09-10 06:00:34 - [33591] Trying Direct…
2025-09-10 06:00:34 - [33591] OK via Direct (epoch age: 24.4h)
2025-09-10 06:00:34 - Saved 6/6 TLEs → /home/ubuntu/tle-tracker/static/tle_data.json
2025-09-10 06:00:34 - ==== TLE fetch done ====
2025-09-10 06:00:01 - ==== TLE fetch start ====
2025-09-10 06:00:01 - Loaded existing file with 6 sats
2025-09-10 06:00:01 - [25544] Trying Direct…
2025-09-10 06:00:20 - [25544] OK via Direct (epoch age: 25.3h)
2025-09-10 06:00:20 - [20580] Trying Direct…
2025-09-10 06:00:29 - [20580] OK via Direct (epoch age: 24.5h)
2025-09-10 06:00:29 - [60240] Trying Direct…
2025-09-10 06:00:31 - [60240] OK via Direct (epoch age: 24.5h)
2025-09-10 06:00:31 - [44714] Trying Direct…
2025-09-10 06:00:33 - [44714] OK via Direct (epoch age: 24.1h)
2025-09-10 06:00:33 - [28654] Trying Direct…
2025-09-10 06:00:34 - [28654] OK via Direct (epoch age: 24.9h)
2025-09-10 06:00:34 - [33591] Trying Direct…
2025-09-10 06:00:34 - [33591] OK via Direct (epoch age: 24.4h)
2025-09-10 06:00:34 - Saved 6/6 TLEs → /home/ubuntu/tle-tracker/static/tle_data.json
2025-09-10 06:00:34 - ==== TLE fetch done ====
2025-09-11 06:00:01 - ==== TLE fetch start ====
2025-09-11 06:00:01 - Loaded existing file with 6 sats
2025-09-11 06:00:01 - [25544] Trying Direct…
2025-09-11 06:00:13 - [25544] OK via Direct (epoch age: 13.7h)
2025-09-11 06:00:13 - [20580] Trying Direct…
2025-09-11 06:00:15 - [20580] OK via Direct (epoch age: 25.0h)
2025-09-11 06:00:15 - [60240] Trying Direct…
2025-09-11 06:00:17 - [60240] OK via Direct (epoch age: 21.4h)
2025-09-11 06:00:17 - [44714] Trying Direct…
2025-09-11 06:00:18 - [44714] OK via Direct (epoch age: 11.5h)
2025-09-11 06:00:18 - [28654] Trying Direct…
2025-09-11 06:00:19 - [28654] OK via Direct (epoch age: 9.9h)
2025-09-11 06:00:19 - [33591] Trying Direct…
2025-09-11 06:00:19 - [33591] OK via Direct (epoch age: 12.8h)
2025-09-11 06:00:19 - Saved 6/6 TLEs → /home/ubuntu/tle-tracker/static/tle_data.json
2025-09-11 06:00:19 - ==== TLE fetch done ====
2025-09-11 06:00:01 - ==== TLE fetch start ====
2025-09-11 06:00:01 - Loaded existing file with 6 sats
2025-09-11 06:00:01 - [25544] Trying Direct…
2025-09-11 06:00:13 - [25544] OK via Direct (epoch age: 13.7h)
2025-09-11 06:00:13 - [20580] Trying Direct…
2025-09-11 06:00:15 - [20580] OK via Direct (epoch age: 25.0h)
2025-09-11 06:00:15 - [60240] Trying Direct…
2025-09-11 06:00:17 - [60240] OK via Direct (epoch age: 21.4h)
2025-09-11 06:00:17 - [44714] Trying Direct…
2025-09-11 06:00:18 - [44714] OK via Direct (epoch age: 11.5h)
2025-09-11 06:00:18 - [28654] Trying Direct…
2025-09-11 06:00:19 - [28654] OK via Direct (epoch age: 9.9h)
2025-09-11 06:00:19 - [33591] Trying Direct…
2025-09-11 06:00:19 - [33591] OK via Direct (epoch age: 12.8h)
2025-09-11 06:00:19 - Saved 6/6 TLEs → /home/ubuntu/tle-tracker/static/tle_data.json
2025-09-11 06:00:19 - ==== TLE fetch done ====
2025-09-12 06:00:02 - ==== TLE fetch start ====
2025-09-12 06:00:02 - Loaded existing file with 6 sats
2025-09-12 06:00:02 - [25544] Trying Direct…
2025-09-12 06:00:16 - [25544] OK via Direct (epoch age: 26.9h)
2025-09-12 06:00:16 - [20580] Trying Direct…
2025-09-12 06:00:25 - [20580] OK via Direct (epoch age: 27.0h)
2025-09-12 06:00:25 - [60240] Trying Direct…
2025-09-12 06:00:27 - [60240] OK via Direct (epoch age: 29.4h)
2025-09-12 06:00:27 - [44714] Trying Direct…
2025-09-12 06:00:30 - [44714] OK via Direct (epoch age: 29.1h)
2025-09-12 06:00:30 - [28654] Trying Direct…
2025-09-12 06:00:32 - [28654] OK via Direct (epoch age: 25.4h)
2025-09-12 06:00:32 - [33591] Trying Direct…
2025-09-12 06:00:32 - [33591] OK via Direct (epoch age: 24.9h)
2025-09-12 06:00:32 - Saved 6/6 TLEs → /home/ubuntu/tle-tracker/static/tle_data.json
2025-09-12 06:00:32 - ==== TLE fetch done ====
2025-09-12 06:00:02 - ==== TLE fetch start ====
2025-09-12 06:00:02 - Loaded existing file with 6 sats
2025-09-12 06:00:02 - [25544] Trying Direct…
2025-09-12 06:00:16 - [25544] OK via Direct (epoch age: 26.9h)
2025-09-12 06:00:16 - [20580] Trying Direct…
2025-09-12 06:00:25 - [20580] OK via Direct (epoch age: 27.0h)
2025-09-12 06:00:25 - [60240] Trying Direct…
2025-09-12 06:00:27 - [60240] OK via Direct (epoch age: 29.4h)
2025-09-12 06:00:27 - [44714] Trying Direct…
2025-09-12 06:00:30 - [44714] OK via Direct (epoch age: 29.1h)
2025-09-12 06:00:30 - [28654] Trying Direct…
2025-09-12 06:00:32 - [28654] OK via Direct (epoch age: 25.4h)
2025-09-12 06:00:32 - [33591] Trying Direct…
2025-09-12 06:00:32 - [33591] OK via Direct (epoch age: 24.9h)
2025-09-12 06:00:32 - Saved 6/6 TLEs → /home/ubuntu/tle-tracker/static/tle_data.json
2025-09-12 06:00:32 - ==== TLE fetch done ====
2025-09-13 06:00:01 - ==== TLE fetch start ====
2025-09-13 06:00:01 - Loaded existing file with 6 sats
2025-09-13 06:00:01 - [25544] Trying Direct…
2025-09-13 06:00:10 - [25544] OK via Direct (epoch age: 10.7h)
2025-09-13 06:00:10 - [20580] Trying Direct…
2025-09-13 06:00:12 - [20580] OK via Direct (epoch age: 51.0h)
2025-09-13 06:00:12 - [60240] Trying Direct…
2025-09-13 06:00:13 - [60240] OK via Direct (epoch age: 8.6h)
2025-09-13 06:00:13 - [44714] Trying Direct…
2025-09-13 06:00:15 - [44714] OK via Direct (epoch age: 11.7h)
2025-09-13 06:00:15 - [28654] Trying Direct…
2025-09-13 06:00:15 - [28654] OK via Direct (epoch age: 8.6h)
2025-09-13 06:00:15 - [33591] Trying Direct…
2025-09-13 06:00:18 - [33591] OK via Direct (epoch age: 8.1h)
2025-09-13 06:00:18 - Saved 6/6 TLEs → /home/ubuntu/tle-tracker/static/tle_data.json
2025-09-13 06:00:18 - ==== TLE fetch done ====
2025-09-13 06:00:01 - ==== TLE fetch start ====
2025-09-13 06:00:01 - Loaded existing file with 6 sats
2025-09-13 06:00:01 - [25544] Trying Direct…
2025-09-13 06:00:10 - [25544] OK via Direct (epoch age: 10.7h)
2025-09-13 06:00:10 - [20580] Trying Direct…
2025-09-13 06:00:12 - [20580] OK via Direct (epoch age: 51.0h)
2025-09-13 06:00:12 - [60240] Trying Direct…
2025-09-13 06:00:13 - [60240] OK via Direct (epoch age: 8.6h)
2025-09-13 06:00:13 - [44714] Trying Direct…
2025-09-13 06:00:15 - [44714] OK via Direct (epoch age: 11.7h)
2025-09-13 06:00:15 - [28654] Trying Direct…
2025-09-13 06:00:15 - [28654] OK via Direct (epoch age: 8.6h)
2025-09-13 06:00:15 - [33591] Trying Direct…
2025-09-13 06:00:18 - [33591] OK via Direct (epoch age: 8.1h)
2025-09-13 06:00:18 - Saved 6/6 TLEs → /home/ubuntu/tle-tracker/static/tle_data.json
2025-09-13 06:00:18 - ==== TLE fetch done ====
2025-09-14 06:00:01 - ==== TLE fetch start ====
2025-09-14 06:00:01 - Loaded existing file with 6 sats
2025-09-14 06:00:01 - [25544] Trying Direct…
2025-09-14 06:00:13 - [25544] OK via Direct (epoch age: 9.9h)
2025-09-14 06:00:13 - [20580] Trying Direct…
2025-09-14 06:00:19 - [20580] OK via Direct (epoch age: 26.3h)
2025-09-14 06:00:19 - [60240] Trying Direct…
2025-09-14 06:00:23 - [60240] OK via Direct (epoch age: 8.6h)
2025-09-14 06:00:23 - [44714] Trying Direct…
2025-09-14 06:00:25 - [44714] OK via Direct (epoch age: 23.0h)
2025-09-14 06:00:25 - [28654] Trying Direct…
2025-09-14 06:00:27 - [28654] OK via Direct (epoch age: 8.8h)
2025-09-14 06:00:27 - [33591] Trying Direct…
2025-09-14 06:00:28 - [33591] OK via Direct (epoch age: 8.3h)
2025-09-14 06:00:28 - Saved 6/6 TLEs → /home/ubuntu/tle-tracker/static/tle_data.json
2025-09-14 06:00:28 - ==== TLE fetch done ====
2025-09-14 06:00:01 - ==== TLE fetch start ====
2025-09-14 06:00:01 - Loaded existing file with 6 sats
2025-09-14 06:00:01 - [25544] Trying Direct…
2025-09-14 06:00:13 - [25544] OK via Direct (epoch age: 9.9h)
2025-09-14 06:00:13 - [20580] Trying Direct…
2025-09-14 06:00:19 - [20580] OK via Direct (epoch age: 26.3h)
2025-09-14 06:00:19 - [60240] Trying Direct…
2025-09-14 06:00:23 - [60240] OK via Direct (epoch age: 8.6h)
2025-09-14 06:00:23 - [44714] Trying Direct…
2025-09-14 06:00:25 - [44714] OK via Direct (epoch age: 23.0h)
2025-09-14 06:00:25 - [28654] Trying Direct…
2025-09-14 06:00:27 - [28654] OK via Direct (epoch age: 8.8h)
2025-09-14 06:00:27 - [33591] Trying Direct…
2025-09-14 06:00:28 - [33591] OK via Direct (epoch age: 8.3h)
2025-09-14 06:00:28 - Saved 6/6 TLEs → /home/ubuntu/tle-tracker/static/tle_data.json
2025-09-14 06:00:28 - ==== TLE fetch done ====
2025-09-15 06:00:02 - ==== TLE fetch start ====
2025-09-15 06:00:02 - Loaded existing file with 6 sats
2025-09-15 06:00:02 - [25544] Trying Direct…
2025-09-15 06:00:20 - [25544] Direct status 500
2025-09-15 06:00:20 - [25544] Trying AllOrigins…
2025-09-15 06:00:28 - [25544] AllOrigins status 408
2025-09-15 06:00:28 - [25544] Using previous TLE
2025-09-15 06:00:28 - [20580] Trying Direct…
2025-09-15 06:00:29 - [20580] OK via Direct (epoch age: 28.4h)
2025-09-15 06:00:29 - [60240] Trying Direct…
2025-09-15 06:00:30 - [60240] OK via Direct (epoch age: 23.0h)
2025-09-15 06:00:30 - [44714] Trying Direct…
2025-09-15 06:00:30 - [44714] OK via Direct (epoch age: 19.9h)
2025-09-15 06:00:30 - [28654] Trying Direct…
2025-09-15 06:00:30 - [28654] OK via Direct (epoch age: 17.5h)
2025-09-15 06:00:30 - [33591] Trying Direct…
2025-09-15 06:00:31 - [33591] OK via Direct (epoch age: 17.0h)
2025-09-15 06:00:31 - Saved 6/6 TLEs → /home/ubuntu/tle-tracker/static/tle_data.json
2025-09-15 06:00:31 - ==== TLE fetch done ====
2025-09-15 06:00:02 - ==== TLE fetch start ====
2025-09-15 06:00:02 - Loaded existing file with 6 sats
2025-09-15 06:00:02 - [25544] Trying Direct…
2025-09-15 06:00:20 - [25544] Direct status 500
2025-09-15 06:00:20 - [25544] Trying AllOrigins…
2025-09-15 06:00:28 - [25544] AllOrigins status 408
2025-09-15 06:00:28 - [25544] Using previous TLE
2025-09-15 06:00:28 - [20580] Trying Direct…
2025-09-15 06:00:29 - [20580] OK via Direct (epoch age: 28.4h)
2025-09-15 06:00:29 - [60240] Trying Direct…
2025-09-15 06:00:30 - [60240] OK via Direct (epoch age: 23.0h)
2025-09-15 06:00:30 - [44714] Trying Direct…
2025-09-15 06:00:30 - [44714] OK via Direct (epoch age: 19.9h)
2025-09-15 06:00:30 - [28654] Trying Direct…
2025-09-15 06:00:30 - [28654] OK via Direct (epoch age: 17.5h)
2025-09-15 06:00:30 - [33591] Trying Direct…
2025-09-15 06:00:31 - [33591] OK via Direct (epoch age: 17.0h)
2025-09-15 06:00:31 - Saved 6/6 TLEs → /home/ubuntu/tle-tracker/static/tle_data.json
2025-09-15 06:00:31 - ==== TLE fetch done ====
2025-09-16 06:00:02 - ==== TLE fetch start ====
2025-09-16 06:00:02 - Loaded existing file with 6 sats
2025-09-16 06:00:02 - [25544] Trying Direct…
2025-09-16 06:00:11 - [25544] OK via Direct (epoch age: 20.8h)
2025-09-16 06:00:11 - [20580] Trying Direct…
2025-09-16 06:00:16 - [20580] OK via Direct (epoch age: 21.0h)
2025-09-16 06:00:16 - [60240] Trying Direct…
2025-09-16 06:00:21 - [60240] OK via Direct (epoch age: 26.2h)
2025-09-16 06:00:21 - [44714] Trying Direct…
2025-09-16 06:00:22 - [44714] OK via Direct (epoch age: 23.2h)
2025-09-16 06:00:22 - [28654] Trying Direct…
2025-09-16 06:00:22 - [28654] OK via Direct (epoch age: 21.2h)
2025-09-16 06:00:22 - [33591] Trying Direct…
2025-09-16 06:00:23 - [33591] OK via Direct (epoch age: 15.5h)
2025-09-16 06:00:23 - Saved 6/6 TLEs → /home/ubuntu/tle-tracker/static/tle_data.json
2025-09-16 06:00:23 - ==== TLE fetch done ====
2025-09-16 06:00:02 - ==== TLE fetch start ====
2025-09-16 06:00:02 - Loaded existing file with 6 sats
2025-09-16 06:00:02 - [25544] Trying Direct…
2025-09-16 06:00:11 - [25544] OK via Direct (epoch age: 20.8h)
2025-09-16 06:00:11 - [20580] Trying Direct…
2025-09-16 06:00:16 - [20580] OK via Direct (epoch age: 21.0h)
2025-09-16 06:00:16 - [60240] Trying Direct…
2025-09-16 06:00:21 - [60240] OK via Direct (epoch age: 26.2h)
2025-09-16 06:00:21 - [44714] Trying Direct…
2025-09-16 06:00:22 - [44714] OK via Direct (epoch age: 23.2h)
2025-09-16 06:00:22 - [28654] Trying Direct…
2025-09-16 06:00:22 - [28654] OK via Direct (epoch age: 21.2h)
2025-09-16 06:00:22 - [33591] Trying Direct…
2025-09-16 06:00:23 - [33591] OK via Direct (epoch age: 15.5h)
2025-09-16 06:00:23 - Saved 6/6 TLEs → /home/ubuntu/tle-tracker/static/tle_data.json
2025-09-16 06:00:23 - ==== TLE fetch done ====
2025-09-17 06:00:02 - ==== TLE fetch start ====
2025-09-17 06:00:02 - Loaded existing file with 6 sats
2025-09-17 06:00:02 - [25544] Trying Direct…
2025-09-17 06:00:14 - [25544] OK via Direct (epoch age: 18.5h)
2025-09-17 06:00:14 - [20580] Trying Direct…
2025-09-17 06:00:16 - [20580] OK via Direct (epoch age: 21.4h)
2025-09-17 06:00:16 - [60240] Trying Direct…
2025-09-17 06:00:18 - [60240] OK via Direct (epoch age: 23.0h)
2025-09-17 06:00:18 - [44714] Trying Direct…
2025-09-17 06:00:19 - [44714] OK via Direct (epoch age: 20.1h)
2025-09-17 06:00:19 - [28654] Trying Direct…
2025-09-17 06:00:21 - [28654] OK via Direct (epoch age: 18.0h)
2025-09-17 06:00:21 - [33591] Trying Direct…
2025-09-17 06:00:21 - [33591] OK via Direct (epoch age: 15.7h)
2025-09-17 06:00:21 - Saved 6/6 TLEs → /home/ubuntu/tle-tracker/static/tle_data.json
2025-09-17 06:00:21 - ==== TLE fetch done ====
2025-09-17 06:00:02 - ==== TLE fetch start ====
2025-09-17 06:00:02 - Loaded existing file with 6 sats
2025-09-17 06:00:02 - [25544] Trying Direct…
2025-09-17 06:00:14 - [25544] OK via Direct (epoch age: 18.5h)
2025-09-17 06:00:14 - [20580] Trying Direct…
2025-09-17 06:00:16 - [20580] OK via Direct (epoch age: 21.4h)
2025-09-17 06:00:16 - [60240] Trying Direct…
2025-09-17 06:00:18 - [60240] OK via Direct (epoch age: 23.0h)
2025-09-17 06:00:18 - [44714] Trying Direct…
2025-09-17 06:00:19 - [44714] OK via Direct (epoch age: 20.1h)
2025-09-17 06:00:19 - [28654] Trying Direct…
2025-09-17 06:00:21 - [28654] OK via Direct (epoch age: 18.0h)
2025-09-17 06:00:21 - [33591] Trying Direct…
2025-09-17 06:00:21 - [33591] OK via Direct (epoch age: 15.7h)
2025-09-17 06:00:21 - Saved 6/6 TLEs → /home/ubuntu/tle-tracker/static/tle_data.json
2025-09-17 06:00:21 - ==== TLE fetch done ====
2025-09-18 06:00:02 - ==== TLE fetch start ====
2025-09-18 06:00:02 - Loaded existing file with 6 sats
2025-09-18 06:00:02 - [25544] Trying Direct…
2025-09-18 06:00:13 - [25544] OK via Direct (epoch age: 10.0h)
2025-09-18 06:00:13 - [20580] Trying Direct…
2025-09-18 06:00:18 - [20580] OK via Direct (epoch age: 28.2h)
2025-09-18 06:00:18 - [60240] Trying Direct…
2025-09-18 06:00:20 - [60240] OK via Direct (epoch age: 7.1h)
2025-09-18 06:00:20 - [44714] Trying Direct…
2025-09-18 06:00:22 - [44714] OK via Direct (epoch age: 37.8h)
2025-09-18 06:00:22 - [28654] Trying Direct…
2025-09-18 06:00:24 - [28654] OK via Direct (epoch age: 8.0h)
2025-09-18 06:00:24 - [33591] Trying Direct…
2025-09-18 06:00:24 - [33591] OK via Direct (epoch age: 9.2h)
2025-09-18 06:00:24 - Saved 6/6 TLEs → /home/ubuntu/tle-tracker/static/tle_data.json
2025-09-18 06:00:24 - ==== TLE fetch done ====
2025-09-18 06:00:02 - ==== TLE fetch start ====
2025-09-18 06:00:02 - Loaded existing file with 6 sats
2025-09-18 06:00:02 - [25544] Trying Direct…
2025-09-18 06:00:13 - [25544] OK via Direct (epoch age: 10.0h)
2025-09-18 06:00:13 - [20580] Trying Direct…
2025-09-18 06:00:18 - [20580] OK via Direct (epoch age: 28.2h)
2025-09-18 06:00:18 - [60240] Trying Direct…
2025-09-18 06:00:20 - [60240] OK via Direct (epoch age: 7.1h)
2025-09-18 06:00:20 - [44714] Trying Direct…
2025-09-18 06:00:22 - [44714] OK via Direct (epoch age: 37.8h)
2025-09-18 06:00:22 - [28654] Trying Direct…
2025-09-18 06:00:24 - [28654] OK via Direct (epoch age: 8.0h)
2025-09-18 06:00:24 - [33591] Trying Direct…
2025-09-18 06:00:24 - [33591] OK via Direct (epoch age: 9.2h)
2025-09-18 06:00:24 - Saved 6/6 TLEs → /home/ubuntu/tle-tracker/static/tle_data.json
2025-09-18 06:00:24 - ==== TLE fetch done ====
2025-09-19 06:00:01 - ==== TLE fetch start ====
2025-09-19 06:00:01 - Loaded existing file with 6 sats
2025-09-19 06:00:01 - [25544] Trying Direct…
2025-09-19 06:00:09 - [25544] OK via Direct (epoch age: 26.3h)
2025-09-19 06:00:09 - [20580] Trying Direct…
2025-09-19 06:00:13 - [20580] OK via Direct (epoch age: 28.6h)
2025-09-19 06:00:13 - [60240] Trying Direct…
2025-09-19 06:00:16 - [60240] OK via Direct (epoch age: 31.1h)
2025-09-19 06:00:16 - [44714] Trying Direct…
2025-09-19 06:00:17 - [44714] OK via Direct (epoch age: 61.8h)
2025-09-19 06:00:17 - [28654] Trying Direct…
2025-09-19 06:00:18 - [28654] OK via Direct (epoch age: 25.2h)
2025-09-19 06:00:18 - [33591] Trying Direct…
2025-09-19 06:00:18 - [33591] OK via Direct (epoch age: 24.7h)
2025-09-19 06:00:18 - Saved 6/6 TLEs → /home/ubuntu/tle-tracker/static/tle_data.json
2025-09-19 06:00:18 - ==== TLE fetch done ====
2025-09-19 06:00:01 - ==== TLE fetch start ====
2025-09-19 06:00:01 - Loaded existing file with 6 sats
2025-09-19 06:00:01 - [25544] Trying Direct…
2025-09-19 06:00:09 - [25544] OK via Direct (epoch age: 26.3h)
2025-09-19 06:00:09 - [20580] Trying Direct…
2025-09-19 06:00:13 - [20580] OK via Direct (epoch age: 28.6h)
2025-09-19 06:00:13 - [60240] Trying Direct…
2025-09-19 06:00:16 - [60240] OK via Direct (epoch age: 31.1h)
2025-09-19 06:00:16 - [44714] Trying Direct…
2025-09-19 06:00:17 - [44714] OK via Direct (epoch age: 61.8h)
2025-09-19 06:00:17 - [28654] Trying Direct…
2025-09-19 06:00:18 - [28654] OK via Direct (epoch age: 25.2h)
2025-09-19 06:00:18 - [33591] Trying Direct…
2025-09-19 06:00:18 - [33591] OK via Direct (epoch age: 24.7h)
2025-09-19 06:00:18 - Saved 6/6 TLEs → /home/ubuntu/tle-tracker/static/tle_data.json
2025-09-19 06:00:18 - ==== TLE fetch done ====
2025-09-20 06:00:01 - ==== TLE fetch start ====
2025-09-20 06:00:01 - Loaded existing file with 6 sats
2025-09-20 06:00:01 - [25544] Trying Direct…
2025-09-20 06:00:13 - [25544] OK via Direct (epoch age: 17.8h)
2025-09-20 06:00:13 - [20580] Trying Direct…
2025-09-20 06:00:16 - [20580] OK via Direct (epoch age: 22.8h)
2025-09-20 06:00:16 - [60240] Trying Direct…
2025-09-20 06:00:19 - [60240] OK via Direct (epoch age: 15.1h)
2025-09-20 06:00:19 - [44714] Trying Direct…
2025-09-20 06:00:22 - [44714] OK via Direct (epoch age: 22.1h)
2025-09-20 06:00:22 - [28654] Trying Direct…
2025-09-20 06:00:23 - [28654] OK via Direct (epoch age: 16.9h)
2025-09-20 06:00:23 - [33591] Trying Direct…
2025-09-20 06:00:25 - [33591] OK via Direct (epoch age: 16.4h)
2025-09-20 06:00:25 - Saved 6/6 TLEs → /home/ubuntu/tle-tracker/static/tle_data.json
2025-09-20 06:00:25 - ==== TLE fetch done ====
2025-09-20 06:00:01 - ==== TLE fetch start ====
2025-09-20 06:00:01 - Loaded existing file with 6 sats
2025-09-20 06:00:01 - [25544] Trying Direct…
2025-09-20 06:00:13 - [25544] OK via Direct (epoch age: 17.8h)
2025-09-20 06:00:13 - [20580] Trying Direct…
2025-09-20 06:00:16 - [20580] OK via Direct (epoch age: 22.8h)
2025-09-20 06:00:16 - [60240] Trying Direct…
2025-09-20 06:00:19 - [60240] OK via Direct (epoch age: 15.1h)
2025-09-20 06:00:19 - [44714] Trying Direct…
2025-09-20 06:00:22 - [44714] OK via Direct (epoch age: 22.1h)
2025-09-20 06:00:22 - [28654] Trying Direct…
2025-09-20 06:00:23 - [28654] OK via Direct (epoch age: 16.9h)
2025-09-20 06:00:23 - [33591] Trying Direct…
2025-09-20 06:00:25 - [33591] OK via Direct (epoch age: 16.4h)
2025-09-20 06:00:25 - Saved 6/6 TLEs → /home/ubuntu/tle-tracker/static/tle_data.json
2025-09-20 06:00:25 - ==== TLE fetch done ====
2025-09-21 06:00:01 - ==== TLE fetch start ====
2025-09-21 06:00:01 - Loaded existing file with 6 sats
2025-09-21 06:00:01 - [25544] Trying Direct…
2025-09-21 06:00:10 - [25544] OK via Direct (epoch age: 9.3h)
2025-09-21 06:00:10 - [20580] Trying Direct…
2025-09-21 06:00:12 - [20580] OK via Direct (epoch age: 23.3h)
2025-09-21 06:00:12 - [60240] Trying Direct…
2025-09-21 06:00:13 - [60240] OK via Direct (epoch age: 10.3h)
2025-09-21 06:00:13 - [44714] Trying Direct…
2025-09-21 06:00:14 - [44714] OK via Direct (epoch age: 22.2h)
2025-09-21 06:00:14 - [28654] Trying Direct…
2025-09-21 06:00:15 - [28654] OK via Direct (epoch age: 8.7h)
2025-09-21 06:00:15 - [33591] Trying Direct…
2025-09-21 06:00:17 - [33591] OK via Direct (epoch age: 8.1h)
2025-09-21 06:00:17 - Saved 6/6 TLEs → /home/ubuntu/tle-tracker/static/tle_data.json
2025-09-21 06:00:17 - ==== TLE fetch done ====
2025-09-21 06:00:01 - ==== TLE fetch start ====
2025-09-21 06:00:01 - Loaded existing file with 6 sats
2025-09-21 06:00:01 - [25544] Trying Direct…
2025-09-21 06:00:10 - [25544] OK via Direct (epoch age: 9.3h)
2025-09-21 06:00:10 - [20580] Trying Direct…
2025-09-21 06:00:12 - [20580] OK via Direct (epoch age: 23.3h)
2025-09-21 06:00:12 - [60240] Trying Direct…
2025-09-21 06:00:13 - [60240] OK via Direct (epoch age: 10.3h)
2025-09-21 06:00:13 - [44714] Trying Direct…
2025-09-21 06:00:14 - [44714] OK via Direct (epoch age: 22.2h)
2025-09-21 06:00:14 - [28654] Trying Direct…
2025-09-21 06:00:15 - [28654] OK via Direct (epoch age: 8.7h)
2025-09-21 06:00:15 - [33591] Trying Direct…
2025-09-21 06:00:17 - [33591] OK via Direct (epoch age: 8.1h)
2025-09-21 06:00:17 - Saved 6/6 TLEs → /home/ubuntu/tle-tracker/static/tle_data.json
2025-09-21 06:00:17 - ==== TLE fetch done ====
2025-09-22 06:00:02 - ==== TLE fetch start ====
2025-09-22 06:00:02 - Loaded existing file with 6 sats
2025-09-22 06:00:02 - [25544] Trying Direct…
2025-09-22 06:00:11 - [25544] OK via Direct (epoch age: 17.8h)
2025-09-22 06:00:11 - [20580] Trying Direct…
2025-09-22 06:00:13 - [20580] OK via Direct (epoch age: 23.8h)
2025-09-22 06:00:13 - [60240] Trying Direct…
2025-09-22 06:00:14 - [60240] OK via Direct (epoch age: 15.1h)
2025-09-22 06:00:14 - [44714] Trying Direct…
2025-09-22 06:00:17 - [44714] OK via Direct (epoch age: 15.9h)
2025-09-22 06:00:17 - [28654] Trying Direct…
2025-09-22 06:00:17 - [28654] OK via Direct (epoch age: 17.4h)
2025-09-22 06:00:17 - [33591] Trying Direct…
2025-09-22 06:00:18 - [33591] OK via Direct (epoch age: 16.8h)
2025-09-22 06:00:18 - Saved 6/6 TLEs → /home/ubuntu/tle-tracker/static/tle_data.json
2025-09-22 06:00:18 - ==== TLE fetch done ====
2025-09-22 06:00:02 - ==== TLE fetch start ====
2025-09-22 06:00:02 - Loaded existing file with 6 sats
2025-09-22 06:00:02 - [25544] Trying Direct…
2025-09-22 06:00:11 - [25544] OK via Direct (epoch age: 17.8h)
2025-09-22 06:00:11 - [20580] Trying Direct…
2025-09-22 06:00:13 - [20580] OK via Direct (epoch age: 23.8h)
2025-09-22 06:00:13 - [60240] Trying Direct…
2025-09-22 06:00:14 - [60240] OK via Direct (epoch age: 15.1h)
2025-09-22 06:00:14 - [44714] Trying Direct…
2025-09-22 06:00:17 - [44714] OK via Direct (epoch age: 15.9h)
2025-09-22 06:00:17 - [28654] Trying Direct…
2025-09-22 06:00:17 - [28654] OK via Direct (epoch age: 17.4h)
2025-09-22 06:00:17 - [33591] Trying Direct…
2025-09-22 06:00:18 - [33591] OK via Direct (epoch age: 16.8h)
2025-09-22 06:00:18 - Saved 6/6 TLEs → /home/ubuntu/tle-tracker/static/tle_data.json
2025-09-22 06:00:18 - ==== TLE fetch done ====
2025-09-23 06:00:01 - ==== TLE fetch start ====
2025-09-23 06:00:01 - Loaded existing file with 6 sats
2025-09-23 06:00:01 - [25544] Trying Direct…
2025-09-23 06:00:09 - [25544] OK via Direct (epoch age: 18.6h)
2025-09-23 06:00:09 - [20580] Trying Direct…
2025-09-23 06:00:11 - [20580] OK via Direct (epoch age: 11.7h)
2025-09-23 06:00:11 - [60240] Trying Direct…
2025-09-23 06:00:12 - [60240] OK via Direct (epoch age: 11.9h)
2025-09-23 06:00:12 - [44714] Trying Direct…
2025-09-23 06:00:13 - [44714] OK via Direct (epoch age: 16.0h)
2025-09-23 06:00:13 - [28654] Trying Direct…
2025-09-23 06:00:13 - [28654] OK via Direct (epoch age: 10.8h)
2025-09-23 06:00:13 - [33591] Trying Direct…
2025-09-23 06:00:14 - [33591] OK via Direct (epoch age: 13.6h)
2025-09-23 06:00:14 - Saved 6/6 TLEs → /home/ubuntu/tle-tracker/static/tle_data.json
2025-09-23 06:00:14 - ==== TLE fetch done ====
2025-09-23 06:00:01 - ==== TLE fetch start ====
2025-09-23 06:00:01 - Loaded existing file with 6 sats
2025-09-23 06:00:01 - [25544] Trying Direct…
2025-09-23 06:00:09 - [25544] OK via Direct (epoch age: 18.6h)
2025-09-23 06:00:09 - [20580] Trying Direct…
2025-09-23 06:00:11 - [20580] OK via Direct (epoch age: 11.7h)
2025-09-23 06:00:11 - [60240] Trying Direct…
2025-09-23 06:00:12 - [60240] OK via Direct (epoch age: 11.9h)
2025-09-23 06:00:12 - [44714] Trying Direct…
2025-09-23 06:00:13 - [44714] OK via Direct (epoch age: 16.0h)
2025-09-23 06:00:13 - [28654] Trying Direct…
2025-09-23 06:00:13 - [28654] OK via Direct (epoch age: 10.8h)
2025-09-23 06:00:13 - [33591] Trying Direct…
2025-09-23 06:00:14 - [33591] OK via Direct (epoch age: 13.6h)
2025-09-23 06:00:14 - Saved 6/6 TLEs → /home/ubuntu/tle-tracker/static/tle_data.json
2025-09-23 06:00:14 - ==== TLE fetch done ====
2025-09-23 14:09:17 - ==== TLE fetch start ====
2025-09-23 14:09:17 - Loaded existing file with 6 sats
2025-09-23 14:09:17 - [25544] Trying Direct…
2025-09-23 14:09:19 - [25544] OK via Direct (epoch age: 26.8h)
2025-09-23 14:09:19 - [20580] Trying Direct…
2025-09-23 14:09:19 - [20580] OK via Direct (epoch age: 19.8h)
2025-09-23 14:09:19 - [60240] Trying Direct…
2025-09-23 14:09:19 - [60240] OK via Direct (epoch age: 20.1h)
2025-09-23 14:09:19 - [44714] Trying Direct…
2025-09-23 14:09:20 - [44714] OK via Direct (epoch age: 24.2h)
2025-09-23 14:09:20 - [28654] Trying Direct…
2025-09-23 14:09:20 - [28654] OK via Direct (epoch age: 18.9h)
2025-09-23 14:09:20 - [33591] Trying Direct…
2025-09-23 14:09:20 - [33591] OK via Direct (epoch age: 21.8h)
2025-09-23 14:09:20 - [LEOPSat] Using manual TLE (no fetch)
2025-09-23 14:09:20 - Saved 7/7 TLEs → /home/ubuntu/tle-tracker/static/tle_data.json
2025-09-23 14:09:20 - ==== TLE fetch done ====
2025-09-24 06:00:01 - ==== TLE fetch start ====
2025-09-24 06:00:01 - Loaded existing file with 7 sats
2025-09-24 06:00:01 - [25544] Trying Direct…
2025-09-24 06:00:09 - [25544] OK via Direct (epoch age: 24.1h)
2025-09-24 06:00:09 - [20580] Trying Direct…
2025-09-24 06:00:11 - [20580] OK via Direct (epoch age: 10.6h)
2025-09-24 06:00:11 - [60240] Trying Direct…
2025-09-24 06:00:12 - [60240] OK via Direct (epoch age: 10.3h)
2025-09-24 06:00:12 - [44714] Trying Direct…
2025-09-24 06:00:12 - [44714] OK via Direct (epoch age: 16.2h)
2025-09-24 06:00:12 - [28654] Trying Direct…
2025-09-24 06:00:13 - [28654] OK via Direct (epoch age: 7.6h)
2025-09-24 06:00:13 - [33591] Trying Direct…
2025-09-24 06:00:13 - [33591] OK via Direct (epoch age: 10.4h)
2025-09-24 06:00:13 - [LEOPSat] Using manual TLE (no fetch)
2025-09-24 06:00:13 - Saved 7/7 TLEs → /home/ubuntu/tle-tracker/static/tle_data.json
2025-09-24 06:00:13 - ==== TLE fetch done ====
2025-09-24 06:00:01 - ==== TLE fetch start ====
2025-09-24 06:00:01 - Loaded existing file with 7 sats
2025-09-24 06:00:01 - [25544] Trying Direct…
2025-09-24 06:00:09 - [25544] OK via Direct (epoch age: 24.1h)
2025-09-24 06:00:09 - [20580] Trying Direct…
2025-09-24 06:00:11 - [20580] OK via Direct (epoch age: 10.6h)
2025-09-24 06:00:11 - [60240] Trying Direct…
2025-09-24 06:00:12 - [60240] OK via Direct (epoch age: 10.3h)
2025-09-24 06:00:12 - [44714] Trying Direct…
2025-09-24 06:00:12 - [44714] OK via Direct (epoch age: 16.2h)
2025-09-24 06:00:12 - [28654] Trying Direct…
2025-09-24 06:00:13 - [28654] OK via Direct (epoch age: 7.6h)
2025-09-24 06:00:13 - [33591] Trying Direct…
2025-09-24 06:00:13 - [33591] OK via Direct (epoch age: 10.4h)
2025-09-24 06:00:13 - [LEOPSat] Using manual TLE (no fetch)
2025-09-24 06:00:13 - Saved 7/7 TLEs → /home/ubuntu/tle-tracker/static/tle_data.json
2025-09-24 06:00:13 - ==== TLE fetch done ====
2025-09-24 15:04:40 - ==== TLE fetch start ====
2025-09-24 15:04:40 - Loaded existing file with 7 sats
2025-09-24 15:04:40 - [25544] Trying Direct…
2025-09-24 15:04:42 - [25544] OK via Direct (epoch age: 33.2h)
2025-09-24 15:04:42 - [60240] Trying Direct…
2025-09-24 15:04:42 - [60240] OK via Direct (epoch age: 16.2h)
2025-09-24 15:04:42 - [44714] Trying Direct…
2025-09-24 15:04:43 - [44714] OK via Direct (epoch age: 9.3h)
2025-09-24 15:04:43 - [MICE-1] Using manual TLE (no fetch)
2025-09-24 15:04:43 - Saved 4/4 TLEs → /home/ubuntu/tle-tracker/static/tle_data.json
2025-09-24 15:04:43 - ==== TLE fetch done ====
2025-09-24 15:07:03 - ==== TLE fetch start ====
2025-09-24 15:07:03 - Loaded existing file with 4 sats
2025-09-24 15:07:03 - [25544] Trying Direct…
2025-09-24 15:07:05 - [25544] OK via Direct (epoch age: 33.2h)
2025-09-24 15:07:05 - [20580] Trying Direct…
2025-09-24 15:07:05 - [20580] OK via Direct (epoch age: 10.3h)
2025-09-24 15:07:05 - [60240] Trying Direct…
2025-09-24 15:07:05 - [60240] OK via Direct (epoch age: 16.3h)
2025-09-24 15:07:05 - [44714] Trying Direct…
2025-09-24 15:07:06 - [44714] OK via Direct (epoch age: 9.3h)
2025-09-24 15:07:06 - [28654] Trying Direct…
2025-09-24 15:07:06 - [28654] OK via Direct (epoch age: 8.2h)
2025-09-24 15:07:06 - [33591] Trying Direct…
2025-09-24 15:07:07 - [33591] OK via Direct (epoch age: 9.4h)
2025-09-24 15:07:07 - [LEOPSat] Using manual TLE (no fetch)
2025-09-24 15:07:07 - Saved 7/7 TLEs → /home/ubuntu/tle-tracker/static/tle_data.json
2025-09-24 15:07:07 - ==== TLE fetch done ====
2025-09-24 15:08:40 - ==== TLE fetch start ====
2025-09-24 15:08:40 - Loaded existing file with 7 sats
2025-09-24 15:08:40 - [25544] Trying Direct…
2025-09-24 15:08:42 - [25544] OK via Direct (epoch age: 33.2h)
2025-09-24 15:08:42 - [60240] Trying Direct…
2025-09-24 15:08:42 - [60240] OK via Direct (epoch age: 16.3h)
2025-09-24 15:08:42 - [44714] Trying Direct…
2025-09-24 15:08:42 - [44714] OK via Direct (epoch age: 9.4h)
2025-09-24 15:08:42 - [28654] Trying Direct…
2025-09-24 15:08:43 - [28654] OK via Direct (epoch age: 8.3h)
2025-09-24 15:08:43 - [33591] Trying Direct…
2025-09-24 15:08:43 - [33591] OK via Direct (epoch age: 9.4h)
2025-09-24 15:08:43 - [MICE-1] Using manual TLE (no fetch)
2025-09-24 15:08:43 - Saved 6/6 TLEs → /home/ubuntu/tle-tracker/static/tle_data.json
2025-09-24 15:08:43 - ==== TLE fetch done ====
2025-09-24 15:11:49 - ==== TLE fetch start ====
2025-09-24 15:11:49 - Loaded existing file with 6 sats
2025-09-24 15:11:49 - [25544] Trying Direct…
2025-09-24 15:11:50 - [25544] OK via Direct (epoch age: 33.3h)
2025-09-24 15:11:50 - [60240] Trying Direct…
2025-09-24 15:11:50 - [60240] OK via Direct (epoch age: 16.3h)
2025-09-24 15:11:50 - [44714] Trying Direct…
2025-09-24 15:11:51 - [44714] OK via Direct (epoch age: 9.4h)
2025-09-24 15:11:51 - [MICE-1] Using manual TLE (no fetch)
2025-09-24 15:11:51 - Saved 4/4 TLEs → /home/ubuntu/tle-tracker/static/tle_data.json
2025-09-24 15:11:51 - ==== TLE fetch done ====
2025-09-24 15:12:42 - ==== TLE fetch start ====
2025-09-24 15:12:42 - Loaded existing file with 4 sats
2025-09-24 15:12:42 - [25544] Trying Direct…
2025-09-24 15:12:43 - [25544] OK via Direct (epoch age: 33.3h)
2025-09-24 15:12:43 - [60240] Trying Direct…
2025-09-24 15:12:44 - [60240] OK via Direct (epoch age: 16.4h)
2025-09-24 15:12:44 - [44714] Trying Direct…
2025-09-24 15:12:44 - [44714] OK via Direct (epoch age: 9.4h)
2025-09-24 15:12:44 - [MICE-1] Using manual TLE (no fetch)
2025-09-24 15:12:44 - Saved 4/4 TLEs → /home/ubuntu/tle-tracker/static/tle_data.json
2025-09-24 15:12:44 - ==== TLE fetch done ====
2025-09-24 16:04:52 - ==== TLE fetch start ====
2025-09-24 16:04:52 - Loaded existing file with 4 sats
2025-09-24 16:04:52 - [25544] Trying Direct…
2025-09-24 16:04:54 - [25544] OK via Direct (epoch age: 34.2h)
2025-09-24 16:04:54 - [60240] Trying Direct…
2025-09-24 16:04:54 - [60240] OK via Direct (epoch age: 17.2h)
2025-09-24 16:04:54 - [44714] Trying Direct…
2025-09-24 16:04:54 - [44714] OK via Direct (epoch age: 10.3h)
2025-09-24 16:04:54 - [DUTHSat-2] Using manual TLE (no fetch)
2025-09-24 16:04:54 - Saved 4/4 TLEs → /home/ubuntu/tle-tracker/static/tle_data.json
2025-09-24 16:04:54 - ==== TLE fetch done ====
2025-09-24 16:23:02 - ==== TLE fetch start ====
2025-09-24 16:23:02 - Loaded existing file with 4 sats
2025-09-24 16:23:02 - [25544] Trying Direct…
2025-09-24 16:23:05 - [25544] OK via Direct (epoch age: 34.5h)
2025-09-24 16:23:05 - [60240] Trying Direct…
2025-09-24 16:23:05 - [60240] OK via Direct (epoch age: 17.5h)
2025-09-24 16:23:05 - [44714] Trying Direct…
2025-09-24 16:23:05 - [44714] OK via Direct (epoch age: 10.6h)
2025-09-24 16:23:05 - [DUTHSat-2] Using manual TLE (no fetch)
2025-09-24 16:23:05 - Saved 4/4 TLEs → /home/ubuntu/tle-tracker/static/tle_data.json
2025-09-24 16:23:05 - ==== TLE fetch done ====
2025-09-25 06:00:01 - ==== TLE fetch start ====
2025-09-25 06:00:01 - Loaded existing file with 4 sats
2025-09-25 06:00:01 - [25544] Trying Direct…
2025-09-25 06:00:16 - [25544] OK via Direct (epoch age: 7.9h)
2025-09-25 06:00:16 - [60240] Trying Direct…
2025-09-25 06:00:24 - [60240] OK via Direct (epoch age: 10.4h)
2025-09-25 06:00:24 - [44714] Trying Direct…
2025-09-25 06:00:28 - [44714] OK via Direct (epoch age: 16.3h)
2025-09-25 06:00:28 - [DUTHSat-2] Using manual TLE (no fetch)
2025-09-25 06:00:28 - Saved 4/4 TLEs → /home/ubuntu/tle-tracker/static/tle_data.json
2025-09-25 06:00:28 - ==== TLE fetch done ====
2025-09-25 06:00:01 - ==== TLE fetch start ====
2025-09-25 06:00:01 - Loaded existing file with 4 sats
2025-09-25 06:00:01 - [25544] Trying Direct…
2025-09-25 06:00:16 - [25544] OK via Direct (epoch age: 7.9h)
2025-09-25 06:00:16 - [60240] Trying Direct…
2025-09-25 06:00:24 - [60240] OK via Direct (epoch age: 10.4h)
2025-09-25 06:00:24 - [44714] Trying Direct…
2025-09-25 06:00:28 - [44714] OK via Direct (epoch age: 16.3h)
2025-09-25 06:00:28 - [DUTHSat-2] Using manual TLE (no fetch)
2025-09-25 06:00:28 - Saved 4/4 TLEs → /home/ubuntu/tle-tracker/static/tle_data.json
2025-09-25 06:00:28 - ==== TLE fetch done ====
2025-09-26 06:00:01 - ==== TLE fetch start ====
2025-09-26 06:00:01 - Loaded existing file with 4 sats
2025-09-26 06:00:01 - [25544] Trying Direct…
2025-09-26 06:00:11 - [25544] OK via Direct (epoch age: 8.7h)
2025-09-26 06:00:11 - [60240] Trying Direct…
2025-09-26 06:00:16 - [60240] OK via Direct (epoch age: 8.8h)
2025-09-26 06:00:16 - [44714] Trying Direct…
2025-09-26 06:00:19 - [44714] OK via Direct (epoch age: 27.5h)
2025-09-26 06:00:19 - [DUTHSat-2] Using manual TLE (no fetch)
2025-09-26 06:00:19 - Saved 4/4 TLEs → /home/ubuntu/tle-tracker/static/tle_data.json
2025-09-26 06:00:19 - ==== TLE fetch done ====
2025-09-26 06:00:01 - ==== TLE fetch start ====
2025-09-26 06:00:01 - Loaded existing file with 4 sats
2025-09-26 06:00:01 - [25544] Trying Direct…
2025-09-26 06:00:11 - [25544] OK via Direct (epoch age: 8.7h)
2025-09-26 06:00:11 - [60240] Trying Direct…
2025-09-26 06:00:16 - [60240] OK via Direct (epoch age: 8.8h)
2025-09-26 06:00:16 - [44714] Trying Direct…
2025-09-26 06:00:19 - [44714] OK via Direct (epoch age: 27.5h)
2025-09-26 06:00:19 - [DUTHSat-2] Using manual TLE (no fetch)
2025-09-26 06:00:19 - Saved 4/4 TLEs → /home/ubuntu/tle-tracker/static/tle_data.json
2025-09-26 06:00:19 - ==== TLE fetch done ====
2025-09-27 06:00:01 - ==== TLE fetch start ====
2025-09-27 06:00:01 - Loaded existing file with 4 sats
2025-09-27 06:00:01 - [25544] Trying Direct…
2025-09-27 06:00:15 - [25544] OK via Direct (epoch age: 24.9h)
2025-09-27 06:00:15 - [60240] Trying Direct…
2025-09-27 06:00:17 - [60240] OK via Direct (epoch age: 10.4h)
2025-09-27 06:00:17 - [44714] Trying Direct…
2025-09-27 06:00:18 - [44714] OK via Direct (epoch age: 6.9h)
2025-09-27 06:00:18 - [DUTHSat-2] Using manual TLE (no fetch)
2025-09-27 06:00:18 - Saved 4/4 TLEs → /home/ubuntu/tle-tracker/static/tle_data.json
2025-09-27 06:00:18 - ==== TLE fetch done ====
2025-09-27 06:00:01 - ==== TLE fetch start ====
2025-09-27 06:00:01 - Loaded existing file with 4 sats
2025-09-27 06:00:01 - [25544] Trying Direct…
2025-09-27 06:00:15 - [25544] OK via Direct (epoch age: 24.9h)
2025-09-27 06:00:15 - [60240] Trying Direct…
2025-09-27 06:00:17 - [60240] OK via Direct (epoch age: 10.4h)
2025-09-27 06:00:17 - [44714] Trying Direct…
2025-09-27 06:00:18 - [44714] OK via Direct (epoch age: 6.9h)
2025-09-27 06:00:18 - [DUTHSat-2] Using manual TLE (no fetch)
2025-09-27 06:00:18 - Saved 4/4 TLEs → /home/ubuntu/tle-tracker/static/tle_data.json
2025-09-27 06:00:18 - ==== TLE fetch done ====
2025-09-28 06:00:01 - ==== TLE fetch start ====
2025-09-28 06:00:01 - Loaded existing file with 4 sats
2025-09-28 06:00:01 - [25544] Trying Direct…
2025-09-28 06:00:13 - [25544] OK via Direct (epoch age: 31.9h)
2025-09-28 06:00:13 - [60240] Trying Direct…
2025-09-28 06:00:16 - [60240] OK via Direct (epoch age: 16.8h)
2025-09-28 06:00:16 - [44714] Trying Direct…
2025-09-28 06:00:17 - [44714] OK via Direct (epoch age: 29.4h)
2025-09-28 06:00:17 - [DUTHSat-2] Using manual TLE (no fetch)
2025-09-28 06:00:17 - Saved 4/4 TLEs → /home/ubuntu/tle-tracker/static/tle_data.json
2025-09-28 06:00:17 - ==== TLE fetch done ====
2025-09-28 06:00:01 - ==== TLE fetch start ====
2025-09-28 06:00:01 - Loaded existing file with 4 sats
2025-09-28 06:00:01 - [25544] Trying Direct…
2025-09-28 06:00:13 - [25544] OK via Direct (epoch age: 31.9h)
2025-09-28 06:00:13 - [60240] Trying Direct…
2025-09-28 06:00:16 - [60240] OK via Direct (epoch age: 16.8h)
2025-09-28 06:00:16 - [44714] Trying Direct…
2025-09-28 06:00:17 - [44714] OK via Direct (epoch age: 29.4h)
2025-09-28 06:00:17 - [DUTHSat-2] Using manual TLE (no fetch)
2025-09-28 06:00:17 - Saved 4/4 TLEs → /home/ubuntu/tle-tracker/static/tle_data.json
2025-09-28 06:00:17 - ==== TLE fetch done ====
2025-09-29 06:00:01 - ==== TLE fetch start ====
2025-09-29 06:00:01 - Loaded existing file with 4 sats
2025-09-29 06:00:01 - [25544] Trying Direct…
2025-09-29 06:00:12 - [25544] OK via Direct (epoch age: 9.5h)
2025-09-29 06:00:12 - [60240] Trying Direct…
2025-09-29 06:00:16 - [60240] OK via Direct (epoch age: 10.4h)
2025-09-29 06:00:16 - [44714] Trying Direct…
2025-09-29 06:00:17 - [44714] OK via Direct (epoch age: 7.2h)
2025-09-29 06:00:17 - [DUTHSat-2] Using manual TLE (no fetch)
2025-09-29 06:00:17 - Saved 4/4 TLEs → /home/ubuntu/tle-tracker/static/tle_data.json
2025-09-29 06:00:17 - ==== TLE fetch done ====
2025-09-29 06:00:01 - ==== TLE fetch start ====
2025-09-29 06:00:01 - Loaded existing file with 4 sats
2025-09-29 06:00:01 - [25544] Trying Direct…
2025-09-29 06:00:12 - [25544] OK via Direct (epoch age: 9.5h)
2025-09-29 06:00:12 - [60240] Trying Direct…
2025-09-29 06:00:16 - [60240] OK via Direct (epoch age: 10.4h)
2025-09-29 06:00:16 - [44714] Trying Direct…
2025-09-29 06:00:17 - [44714] OK via Direct (epoch age: 7.2h)
2025-09-29 06:00:17 - [DUTHSat-2] Using manual TLE (no fetch)
2025-09-29 06:00:17 - Saved 4/4 TLEs → /home/ubuntu/tle-tracker/static/tle_data.json
2025-09-29 06:00:17 - ==== TLE fetch done ====
2025-09-30 06:00:01 - ==== TLE fetch start ====
2025-09-30 06:00:01 - Loaded existing file with 4 sats
2025-09-30 06:00:01 - [25544] Trying Direct…
2025-09-30 06:00:13 - [25544] OK via Direct (epoch age: 10.3h)
2025-09-30 06:00:13 - [60240] Trying Direct…
2025-09-30 06:00:16 - [60240] OK via Direct (epoch age: 10.4h)
2025-09-30 06:00:16 - [44714] Trying Direct…
2025-09-30 06:00:18 - [44714] OK via Direct (epoch age: 7.3h)
2025-09-30 06:00:18 - [DUTHSat-2] Using manual TLE (no fetch)
2025-09-30 06:00:18 - Saved 4/4 TLEs → /home/ubuntu/tle-tracker/static/tle_data.json
2025-09-30 06:00:18 - ==== TLE fetch done ====
2025-09-30 06:00:01 - ==== TLE fetch start ====
2025-09-30 06:00:01 - Loaded existing file with 4 sats
2025-09-30 06:00:01 - [25544] Trying Direct…
2025-09-30 06:00:13 - [25544] OK via Direct (epoch age: 10.3h)
2025-09-30 06:00:13 - [60240] Trying Direct…
2025-09-30 06:00:16 - [60240] OK via Direct (epoch age: 10.4h)
2025-09-30 06:00:16 - [44714] Trying Direct…
2025-09-30 06:00:18 - [44714] OK via Direct (epoch age: 7.3h)
2025-09-30 06:00:18 - [DUTHSat-2] Using manual TLE (no fetch)
2025-09-30 06:00:18 - Saved 4/4 TLEs → /home/ubuntu/tle-tracker/static/tle_data.json
2025-09-30 06:00:18 - ==== TLE fetch done ====
2025-10-01 06:00:01 - ==== TLE fetch start ====
2025-10-01 06:00:01 - Loaded existing file with 4 sats
2025-10-01 06:00:01 - [25544] Trying Direct…
2025-10-01 06:00:11 - [25544] OK via Direct (epoch age: 18.8h)
2025-10-01 06:00:11 - [60240] Trying Direct…
2025-10-01 06:00:15 - [60240] OK via Direct (epoch age: 12.1h)
2025-10-01 06:00:15 - [44714] Trying Direct…
2025-10-01 06:00:18 - [44714] OK via Direct (epoch age: 12.2h)
2025-10-01 06:00:18 - [DUTHSat-2] Using manual TLE (no fetch)
2025-10-01 06:00:18 - Saved 4/4 TLEs → /home/ubuntu/tle-tracker/static/tle_data.json
2025-10-01 06:00:18 - ==== TLE fetch done ====
2025-10-01 06:00:01 - ==== TLE fetch start ====
2025-10-01 06:00:01 - Loaded existing file with 4 sats
2025-10-01 06:00:01 - [25544] Trying Direct…
2025-10-01 06:00:11 - [25544] OK via Direct (epoch age: 18.8h)
2025-10-01 06:00:11 - [60240] Trying Direct…
2025-10-01 06:00:15 - [60240] OK via Direct (epoch age: 12.1h)
2025-10-01 06:00:15 - [44714] Trying Direct…
2025-10-01 06:00:18 - [44714] OK via Direct (epoch age: 12.2h)
2025-10-01 06:00:18 - [DUTHSat-2] Using manual TLE (no fetch)
2025-10-01 06:00:18 - Saved 4/4 TLEs → /home/ubuntu/tle-tracker/static/tle_data.json
2025-10-01 06:00:18 - ==== TLE fetch done ====
2025-10-02 06:00:02 - ==== TLE fetch start ====
2025-10-02 06:00:02 - Loaded existing file with 4 sats
2025-10-02 06:00:02 - [25544] Trying Direct…
2025-10-02 06:00:10 - [25544] OK via Direct (epoch age: 10.3h)
2025-10-02 06:00:10 - [60240] Trying Direct…
2025-10-02 06:00:12 - [60240] OK via Direct (epoch age: 7.3h)
2025-10-02 06:00:12 - [44714] Trying Direct…
2025-10-02 06:00:13 - [44714] OK via Direct (epoch age: 7.5h)
2025-10-02 06:00:13 - [DUTHSat-2] Using manual TLE (no fetch)
2025-10-02 06:00:13 - Saved 4/4 TLEs → /home/ubuntu/tle-tracker/static/tle_data.json
2025-10-02 06:00:13 - ==== TLE fetch done ====
2025-10-02 06:00:02 - ==== TLE fetch start ====
2025-10-02 06:00:02 - Loaded existing file with 4 sats
2025-10-02 06:00:02 - [25544] Trying Direct…
2025-10-02 06:00:10 - [25544] OK via Direct (epoch age: 10.3h)
2025-10-02 06:00:10 - [60240] Trying Direct…
2025-10-02 06:00:12 - [60240] OK via Direct (epoch age: 7.3h)
2025-10-02 06:00:12 - [44714] Trying Direct…
2025-10-02 06:00:13 - [44714] OK via Direct (epoch age: 7.5h)
2025-10-02 06:00:13 - [DUTHSat-2] Using manual TLE (no fetch)
2025-10-02 06:00:13 - Saved 4/4 TLEs → /home/ubuntu/tle-tracker/static/tle_data.json
2025-10-02 06:00:13 - ==== TLE fetch done ====
2025-10-03 06:00:01 - ==== TLE fetch start ====
2025-10-03 06:00:01 - Loaded existing file with 4 sats
2025-10-03 06:00:01 - [25544] Trying Direct…
2025-10-03 06:00:15 - [25544] OK via Direct (epoch age: 9.5h)
2025-10-03 06:00:15 - [60240] Trying Direct…
2025-10-03 06:00:17 - [60240] OK via Direct (epoch age: 10.5h)
2025-10-03 06:00:17 - [44714] Trying Direct…
2025-10-03 06:00:20 - [44714] OK via Direct (epoch age: 7.6h)
2025-10-03 06:00:20 - [DUTHSat-2] Using manual TLE (no fetch)
2025-10-03 06:00:20 - Saved 4/4 TLEs → /home/ubuntu/tle-tracker/static/tle_data.json
2025-10-03 06:00:20 - ==== TLE fetch done ====
2025-10-03 06:00:01 - ==== TLE fetch start ====
2025-10-03 06:00:01 - Loaded existing file with 4 sats
2025-10-03 06:00:01 - [25544] Trying Direct…
2025-10-03 06:00:15 - [25544] OK via Direct (epoch age: 9.5h)
2025-10-03 06:00:15 - [60240] Trying Direct…
2025-10-03 06:00:17 - [60240] OK via Direct (epoch age: 10.5h)
2025-10-03 06:00:17 - [44714] Trying Direct…
2025-10-03 06:00:20 - [44714] OK via Direct (epoch age: 7.6h)
2025-10-03 06:00:20 - [DUTHSat-2] Using manual TLE (no fetch)
2025-10-03 06:00:20 - Saved 4/4 TLEs → /home/ubuntu/tle-tracker/static/tle_data.json
2025-10-03 06:00:20 - ==== TLE fetch done ====
2025-10-04 06:00:01 - ==== TLE fetch start ====
2025-10-04 06:00:01 - Loaded existing file with 4 sats
2025-10-04 06:00:01 - [25544] Trying Direct…
2025-10-04 06:00:10 - [25544] OK via Direct (epoch age: 18.0h)
2025-10-04 06:00:10 - [60240] Trying Direct…
2025-10-04 06:00:13 - [60240] OK via Direct (epoch age: 15.3h)
2025-10-04 06:00:13 - [44714] Trying Direct…
2025-10-04 06:00:15 - [44714] OK via Direct (epoch age: 26.9h)
2025-10-04 06:00:15 - [DUTHSat-2] Using manual TLE (no fetch)
2025-10-04 06:00:15 - Saved 4/4 TLEs → /home/ubuntu/tle-tracker/static/tle_data.json
2025-10-04 06:00:15 - ==== TLE fetch done ====
2025-10-04 06:00:01 - ==== TLE fetch start ====
2025-10-04 06:00:01 - Loaded existing file with 4 sats
2025-10-04 06:00:01 - [25544] Trying Direct…
2025-10-04 06:00:10 - [25544] OK via Direct (epoch age: 18.0h)
2025-10-04 06:00:10 - [60240] Trying Direct…
2025-10-04 06:00:13 - [60240] OK via Direct (epoch age: 15.3h)
2025-10-04 06:00:13 - [44714] Trying Direct…
2025-10-04 06:00:15 - [44714] OK via Direct (epoch age: 26.9h)
2025-10-04 06:00:15 - [DUTHSat-2] Using manual TLE (no fetch)
2025-10-04 06:00:15 - Saved 4/4 TLEs → /home/ubuntu/tle-tracker/static/tle_data.json
2025-10-04 06:00:15 - ==== TLE fetch done ====
2025-10-05 06:00:02 - ==== TLE fetch start ====
2025-10-05 06:00:02 - Loaded existing file with 4 sats
2025-10-05 06:00:02 - [25544] Trying Direct…
2025-10-05 06:00:10 - [25544] OK via Direct (epoch age: 9.5h)
2025-10-05 06:00:10 - [60240] Trying Direct…
2025-10-05 06:00:13 - [60240] OK via Direct (epoch age: 15.3h)
2025-10-05 06:00:13 - [44714] Trying Direct…
2025-10-05 06:00:14 - [44714] OK via Direct (epoch age: 12.6h)
2025-10-05 06:00:14 - [DUTHSat-2] Using manual TLE (no fetch)
2025-10-05 06:00:14 - Saved 4/4 TLEs → /home/ubuntu/tle-tracker/static/tle_data.json
2025-10-05 06:00:14 - ==== TLE fetch done ====
2025-10-05 06:00:02 - ==== TLE fetch start ====
2025-10-05 06:00:02 - Loaded existing file with 4 sats
2025-10-05 06:00:02 - [25544] Trying Direct…
2025-10-05 06:00:10 - [25544] OK via Direct (epoch age: 9.5h)
2025-10-05 06:00:10 - [60240] Trying Direct…
2025-10-05 06:00:13 - [60240] OK via Direct (epoch age: 15.3h)
2025-10-05 06:00:13 - [44714] Trying Direct…
2025-10-05 06:00:14 - [44714] OK via Direct (epoch age: 12.6h)
2025-10-05 06:00:14 - [DUTHSat-2] Using manual TLE (no fetch)
2025-10-05 06:00:14 - Saved 4/4 TLEs → /home/ubuntu/tle-tracker/static/tle_data.json
2025-10-05 06:00:14 - ==== TLE fetch done ====
2025-10-06 06:00:01 - ==== TLE fetch start ====
2025-10-06 06:00:01 - Loaded existing file with 4 sats
2025-10-06 06:00:01 - [25544] Trying Direct…
2025-10-06 06:00:09 - [25544] OK via Direct (epoch age: 18.1h)
2025-10-06 06:00:09 - [60240] Trying Direct…
2025-10-06 06:00:15 - [60240] OK via Direct (epoch age: 18.5h)
2025-10-06 06:00:15 - [44714] Trying Direct…
2025-10-06 06:00:18 - [44714] OK via Direct (epoch age: 20.7h)
2025-10-06 06:00:18 - [DUTHSat-2] Using manual TLE (no fetch)
2025-10-06 06:00:18 - Saved 4/4 TLEs → /home/ubuntu/tle-tracker/static/tle_data.json
2025-10-06 06:00:18 - ==== TLE fetch done ====
2025-10-06 06:00:01 - ==== TLE fetch start ====
2025-10-06 06:00:01 - Loaded existing file with 4 sats
2025-10-06 06:00:01 - [25544] Trying Direct…
2025-10-06 06:00:09 - [25544] OK via Direct (epoch age: 18.1h)
2025-10-06 06:00:09 - [60240] Trying Direct…
2025-10-06 06:00:15 - [60240] OK via Direct (epoch age: 18.5h)
2025-10-06 06:00:15 - [44714] Trying Direct…
2025-10-06 06:00:18 - [44714] OK via Direct (epoch age: 20.7h)
2025-10-06 06:00:18 - [DUTHSat-2] Using manual TLE (no fetch)
2025-10-06 06:00:18 - Saved 4/4 TLEs → /home/ubuntu/tle-tracker/static/tle_data.json
2025-10-06 06:00:18 - ==== TLE fetch done ====
2025-10-07 06:00:01 - ==== TLE fetch start ====
2025-10-07 06:00:01 - Loaded existing file with 4 sats
2025-10-07 06:00:01 - [25544] Trying Direct…
2025-10-07 06:00:09 - [25544] OK via Direct (epoch age: 17.3h)
2025-10-07 06:00:09 - [60240] Trying Direct…
2025-10-07 06:00:12 - [60240] OK via Direct (epoch age: 18.6h)
2025-10-07 06:00:12 - [44714] Trying Direct…
2025-10-07 06:00:14 - [44714] OK via Direct (epoch age: 20.8h)
2025-10-07 06:00:14 - [DUTHSat-2] Using manual TLE (no fetch)
2025-10-07 06:00:14 - Saved 4/4 TLEs → /home/ubuntu/tle-tracker/static/tle_data.json
2025-10-07 06:00:14 - ==== TLE fetch done ====
2025-10-07 06:00:01 - ==== TLE fetch start ====
2025-10-07 06:00:01 - Loaded existing file with 4 sats
2025-10-07 06:00:01 - [25544] Trying Direct…
2025-10-07 06:00:09 - [25544] OK via Direct (epoch age: 17.3h)
2025-10-07 06:00:09 - [60240] Trying Direct…
2025-10-07 06:00:12 - [60240] OK via Direct (epoch age: 18.6h)
2025-10-07 06:00:12 - [44714] Trying Direct…
2025-10-07 06:00:14 - [44714] OK via Direct (epoch age: 20.8h)
2025-10-07 06:00:14 - [DUTHSat-2] Using manual TLE (no fetch)
2025-10-07 06:00:14 - Saved 4/4 TLEs → /home/ubuntu/tle-tracker/static/tle_data.json
2025-10-07 06:00:14 - ==== TLE fetch done ====
2025-10-07 09:32:17 - ==== TLE fetch start ====
2025-10-07 09:32:17 - Loaded existing file with 4 sats
2025-10-07 09:32:17 - [25544] Trying Direct…
2025-10-07 09:32:19 - [25544] OK via Direct (epoch age: 14.6h)
2025-10-07 09:32:19 - [60240] Trying Direct…
2025-10-07 09:32:19 - [60240] OK via Direct (epoch age: 22.1h)
2025-10-07 09:32:19 - [44714] Trying Direct…
2025-10-07 09:32:19 - [44714] OK via Direct (epoch age: 18.0h)
2025-10-07 09:32:19 - [DUTHSat-2] Using manual TLE (no fetch)
2025-10-07 09:32:19 - Saved 4/4 TLEs → /home/ubuntu/tle-tracker/static/tle_data.json
2025-10-07 09:32:19 - ==== TLE fetch done ====
2025-10-07 09:35:19 - ==== TLE fetch start ====
2025-10-07 09:35:19 - Loaded existing file with 4 sats
2025-10-07 09:35:19 - [25544] Trying Direct…
2025-10-07 09:35:20 - [25544] OK via Direct (epoch age: 14.7h)
2025-10-07 09:35:20 - [60240] Trying Direct…
2025-10-07 09:35:20 - [60240] OK via Direct (epoch age: 22.1h)
2025-10-07 09:35:20 - [44714] Trying Direct…
2025-10-07 09:35:21 - [44714] OK via Direct (epoch age: 18.1h)
2025-10-07 09:35:21 - [DUTHSat-2] Using manual TLE (no fetch)
2025-10-07 09:35:21 - Saved 4/4 TLEs → /home/ubuntu/tle-tracker/static/tle_data.json
2025-10-07 09:35:21 - ==== TLE fetch done ====
2025-10-07 09:38:31 - ==== TLE fetch start ====
2025-10-07 09:38:31 - Loaded existing file with 4 sats
2025-10-07 09:38:31 - [25544] Trying Direct…
2025-10-07 09:38:32 - [25544] OK via Direct (epoch age: 14.7h)
2025-10-07 09:38:32 - [60240] Trying Direct…
2025-10-07 09:38:33 - [60240] OK via Direct (epoch age: 22.2h)
2025-10-07 09:38:33 - [44714] Trying Direct…
2025-10-07 09:38:33 - [44714] OK via Direct (epoch age: 18.1h)
2025-10-07 09:38:33 - [DUTHSat-2] Using manual TLE (no fetch)
2025-10-07 09:38:33 - Saved 4/4 TLEs → /home/ubuntu/tle-tracker/static/tle_data.json
2025-10-07 09:38:33 - ==== TLE fetch done ====
2025-10-07 09:41:28 - ==== TLE fetch start ====
2025-10-07 09:41:28 - Loaded existing file with 4 sats
2025-10-07 09:41:28 - [25544] Trying Direct…
2025-10-07 09:41:30 - [25544] OK via Direct (epoch age: 14.8h)
2025-10-07 09:41:30 - [60240] Trying Direct…
2025-10-07 09:41:30 - [60240] OK via Direct (epoch age: 22.2h)
2025-10-07 09:41:30 - [44714] Trying Direct…
2025-10-07 09:41:30 - [44714] OK via Direct (epoch age: 18.2h)
2025-10-07 09:41:30 - [DUTHSat-2] Using manual TLE (no fetch)
2025-10-07 09:41:30 - Saved 4/4 TLEs → /home/ubuntu/tle-tracker/static/tle_data.json
2025-10-07 09:41:30 - ==== TLE fetch done ====
2025-10-07 09:45:32 - ==== TLE fetch start ====
2025-10-07 09:45:32 - Loaded existing file with 4 sats
2025-10-07 09:45:32 - [25544] Trying Direct…
2025-10-07 09:45:33 - [25544] OK via Direct (epoch age: 14.9h)
2025-10-07 09:45:33 - [60240] Trying Direct…
2025-10-07 09:45:33 - [60240] OK via Direct (epoch age: 22.3h)
2025-10-07 09:45:33 - [44714] Trying Direct…
2025-10-07 09:45:34 - [44714] OK via Direct (epoch age: 18.2h)
2025-10-07 09:45:34 - [DUTHSat-2] Using manual TLE (no fetch)
2025-10-07 09:45:34 - Saved 4/4 TLEs → /home/ubuntu/tle-tracker/static/tle_data.json
2025-10-07 09:45:34 - ==== TLE fetch done ====
2025-10-08 06:00:01 - ==== TLE fetch start ====
2025-10-08 06:00:01 - Loaded existing file with 4 sats
2025-10-08 06:00:01 - [25544] Trying Direct…
2025-10-08 06:00:11 - [25544] OK via Direct (epoch age: 10.3h)
2025-10-08 06:00:11 - [60240] Trying Direct…
2025-10-08 06:00:12 - [60240] OK via Direct (epoch age: 13.8h)
2025-10-08 06:00:12 - [44714] Trying Direct…
2025-10-08 06:00:14 - [44714] OK via Direct (epoch age: 21.0h)
2025-10-08 06:00:14 - [DUTHSat-2] Using manual TLE (no fetch)
2025-10-08 06:00:14 - Saved 4/4 TLEs → /home/ubuntu/tle-tracker/static/tle_data.json
2025-10-08 06:00:14 - ==== TLE fetch done ====
2025-10-08 06:00:01 - ==== TLE fetch start ====
2025-10-08 06:00:01 - Loaded existing file with 4 sats
2025-10-08 06:00:01 - [25544] Trying Direct…
2025-10-08 06:00:11 - [25544] OK via Direct (epoch age: 10.3h)
2025-10-08 06:00:11 - [60240] Trying Direct…
2025-10-08 06:00:12 - [60240] OK via Direct (epoch age: 13.8h)
2025-10-08 06:00:12 - [44714] Trying Direct…
2025-10-08 06:00:14 - [44714] OK via Direct (epoch age: 21.0h)
2025-10-08 06:00:14 - [DUTHSat-2] Using manual TLE (no fetch)
2025-10-08 06:00:14 - Saved 4/4 TLEs → /home/ubuntu/tle-tracker/static/tle_data.json
2025-10-08 06:00:14 - ==== TLE fetch done ====
2025-10-08 06:00:14 - ==== TLE fetch start ====
2025-10-08 06:00:14 - Loaded existing file with 4 sats
2025-10-08 06:00:14 - [25544] Trying Direct…
2025-10-08 06:00:16 - [25544] OK via Direct (epoch age: 10.3h)
2025-10-08 06:00:16 - [60240] Trying Direct…
2025-10-08 06:00:17 - [60240] OK via Direct (epoch age: 13.8h)
2025-10-08 06:00:17 - [44714] Trying Direct…
2025-10-08 06:00:17 - [44714] OK via Direct (epoch age: 21.0h)
2025-10-08 06:00:17 - [DUTHSat-2] Using manual TLE (no fetch)
2025-10-08 06:00:17 - Saved 4/4 TLEs → /home/ubuntu/tle-tracker/static/tle_data.json
2025-10-08 06:00:17 - ==== TLE fetch done ====
2025-10-08 09:07:32 - ==== TLE fetch start ====
2025-10-08 09:07:32 - Loaded existing file with 4 sats
2025-10-08 09:07:32 - [25544] Trying Direct…
2025-10-08 09:07:34 - [25544] OK via Direct (epoch age: 8.8h)
2025-10-08 09:07:34 - [60240] Trying Direct…
2025-10-08 09:07:34 - [60240] OK via Direct (epoch age: 16.9h)
2025-10-08 09:07:34 - [44714] Trying Direct…
2025-10-08 09:07:34 - [44714] OK via Direct (epoch age: 8.1h)
2025-10-08 09:07:34 - [DUTHSat-2] Using manual TLE (no fetch)
2025-10-08 09:07:34 - Saved 4/4 TLEs → /home/ubuntu/tle-tracker/static/tle_data.json
2025-10-08 09:07:34 - ==== TLE fetch done ====
2025-10-08 09:09:36 - ==== TLE fetch start ====
2025-10-08 09:09:36 - Loaded existing file with 4 sats
2025-10-08 09:09:36 - [25544] Trying Direct…
2025-10-08 09:09:37 - [25544] OK via Direct (epoch age: 8.9h)
2025-10-08 09:09:37 - [60240] Trying Direct…
2025-10-08 09:09:37 - [60240] OK via Direct (epoch age: 16.9h)
2025-10-08 09:09:37 - [44714] Trying Direct…
2025-10-08 09:09:38 - [44714] OK via Direct (epoch age: 8.2h)
2025-10-08 09:09:38 - [DUTHSat-2] Using manual TLE (no fetch)
2025-10-08 09:09:38 - Saved 4/4 TLEs → /home/ubuntu/tle-tracker/static/tle_data.json
2025-10-08 09:09:38 - ==== TLE fetch done ====
2025-10-08 09:24:21 - ==== TLE fetch start ====
2025-10-08 09:24:21 - Loaded existing file with 4 sats
2025-10-08 09:24:21 - [25544] Trying Direct…
2025-10-08 09:24:22 - [25544] OK via Direct (epoch age: 9.1h)
2025-10-08 09:24:22 - [60240] Trying Direct…
2025-10-08 09:24:23 - [60240] OK via Direct (epoch age: 17.2h)
2025-10-08 09:24:23 - [44714] Trying Direct…
2025-10-08 09:24:23 - [44714] OK via Direct (epoch age: 8.4h)
2025-10-08 09:24:23 - [DUTHSat-2] Using manual TLE (no fetch)
2025-10-08 09:24:23 - Saved 4/4 TLEs → /home/ubuntu/tle-tracker/static/tle_data.json
2025-10-08 09:24:23 - ==== TLE fetch done ====
2025-10-08 09:30:26 - ==== TLE fetch start ====
2025-10-08 09:30:26 - Loaded existing file with 4 sats
2025-10-08 09:30:26 - [25544] Trying Direct…
2025-10-08 09:30:27 - [25544] OK via Direct (epoch age: 9.2h)
2025-10-08 09:30:27 - [60240] Trying Direct…
2025-10-08 09:30:28 - [60240] OK via Direct (epoch age: 17.3h)
2025-10-08 09:30:28 - [44714] Trying Direct…
2025-10-08 09:30:28 - [44714] OK via Direct (epoch age: 8.5h)
2025-10-08 09:30:28 - [DUTHSat-2] Using manual TLE (no fetch)
2025-10-08 09:30:28 - Saved 4/4 TLEs → /home/ubuntu/tle-tracker/static/tle_data.json
2025-10-08 09:30:28 - ==== TLE fetch done ====
